<?xml version="1.0" encoding="UTF-8"?>
<testng-results ignored="0" total="7" passed="6" failed="1" skipped="0">
  <reporter-output>
  </reporter-output>
  <suite started-at="2022-12-20T15:53:37 IST" name="Default suite" finished-at="2022-12-20T15:55:29 IST" duration-ms="111731">
    <groups>
    </groups>
    <test started-at="2022-12-20T15:53:37 IST" name="Default test" finished-at="2022-12-20T15:55:29 IST" duration-ms="111731">
      <class name="com.runway.test.ui.SyncSettingsTest">
        <test-method is-config="true" signature="setup()[pri:0, instance:com.runway.test.ui.SyncSettingsTest@24105dc5]" started-at="2022-12-20T15:53:37 IST" name="setup" finished-at="2022-12-20T15:53:45 IST" duration-ms="7400" status="PASS">
          <reporter-output>
          </reporter-output>
        </test-method> <!-- setup -->
        <test-method is-config="true" signature="beforeMethod(java.lang.reflect.Method)[pri:0, instance:com.runway.test.ui.SyncSettingsTest@24105dc5]" started-at="2022-12-20T15:53:45 IST" name="beforeMethod" finished-at="2022-12-20T15:53:45 IST" duration-ms="0" status="PASS">
          <params>
            <param index="0">
              <value>
                <![CDATA[public void com.runway.test.ui.SyncSettingsTest.settingsUITest()]]>
              </value>
            </param>
          </params>
          <reporter-output>
          </reporter-output>
        </test-method> <!-- beforeMethod -->
        <test-method signature="settingsUITest()[pri:1, instance:com.runway.test.ui.SyncSettingsTest@24105dc5]" started-at="2022-12-20T15:53:45 IST" name="settingsUITest" finished-at="2022-12-20T15:54:11 IST" duration-ms="26064" status="PASS">
          <reporter-output>
          </reporter-output>
        </test-method> <!-- settingsUITest -->
        <test-method is-config="true" signature="beforeMethod(java.lang.reflect.Method)[pri:0, instance:com.runway.test.ui.SyncSettingsTest@24105dc5]" started-at="2022-12-20T15:54:11 IST" name="beforeMethod" finished-at="2022-12-20T15:54:11 IST" duration-ms="1" status="PASS">
          <params>
            <param index="0">
              <value>
                <![CDATA[public void com.runway.test.ui.SyncSettingsTest.settingsUITest1()]]>
              </value>
            </param>
          </params>
          <reporter-output>
          </reporter-output>
        </test-method> <!-- beforeMethod -->
        <test-method signature="settingsUITest1()[pri:2, instance:com.runway.test.ui.SyncSettingsTest@24105dc5]" started-at="2022-12-20T15:54:11 IST" name="settingsUITest1" finished-at="2022-12-20T15:54:26 IST" duration-ms="15365" status="PASS">
          <reporter-output>
          </reporter-output>
        </test-method> <!-- settingsUITest1 -->
        <test-method is-config="true" signature="beforeMethod(java.lang.reflect.Method)[pri:0, instance:com.runway.test.ui.SyncSettingsTest@24105dc5]" started-at="2022-12-20T15:54:26 IST" name="beforeMethod" finished-at="2022-12-20T15:54:26 IST" duration-ms="0" status="PASS">
          <params>
            <param index="0">
              <value>
                <![CDATA[public void com.runway.test.ui.SyncSettingsTest.settingsPageForNewUser()]]>
              </value>
            </param>
          </params>
          <reporter-output>
          </reporter-output>
        </test-method> <!-- beforeMethod -->
        <test-method signature="settingsPageForNewUser()[pri:3, instance:com.runway.test.ui.SyncSettingsTest@24105dc5]" started-at="2022-12-20T15:54:26 IST" name="settingsPageForNewUser" finished-at="2022-12-20T15:54:29 IST" duration-ms="3052" status="PASS">
          <reporter-output>
          </reporter-output>
        </test-method> <!-- settingsPageForNewUser -->
        <test-method is-config="true" signature="beforeMethod(java.lang.reflect.Method)[pri:0, instance:com.runway.test.ui.SyncSettingsTest@24105dc5]" started-at="2022-12-20T15:54:29 IST" name="beforeMethod" finished-at="2022-12-20T15:54:29 IST" duration-ms="0" status="PASS">
          <params>
            <param index="0">
              <value>
                <![CDATA[public void com.runway.test.ui.SyncSettingsTest.validToken()]]>
              </value>
            </param>
          </params>
          <reporter-output>
          </reporter-output>
        </test-method> <!-- beforeMethod -->
        <test-method signature="validToken()[pri:4, instance:com.runway.test.ui.SyncSettingsTest@24105dc5]" started-at="2022-12-20T15:54:29 IST" name="validToken" finished-at="2022-12-20T15:54:36 IST" duration-ms="6654" status="PASS">
          <reporter-output>
          </reporter-output>
        </test-method> <!-- validToken -->
        <test-method is-config="true" signature="beforeMethod(java.lang.reflect.Method)[pri:0, instance:com.runway.test.ui.SyncSettingsTest@24105dc5]" started-at="2022-12-20T15:54:36 IST" name="beforeMethod" finished-at="2022-12-20T15:54:36 IST" duration-ms="0" status="PASS">
          <params>
            <param index="0">
              <value>
                <![CDATA[public void com.runway.test.ui.SyncSettingsTest.settingsPageForValidToken()]]>
              </value>
            </param>
          </params>
          <reporter-output>
          </reporter-output>
        </test-method> <!-- beforeMethod -->
        <test-method signature="settingsPageForValidToken()[pri:5, instance:com.runway.test.ui.SyncSettingsTest@24105dc5]" started-at="2022-12-20T15:54:36 IST" name="settingsPageForValidToken" finished-at="2022-12-20T15:55:19 IST" duration-ms="43395" status="PASS">
          <reporter-output>
          </reporter-output>
        </test-method> <!-- settingsPageForValidToken -->
        <test-method is-config="true" signature="beforeMethod(java.lang.reflect.Method)[pri:0, instance:com.runway.test.ui.SyncSettingsTest@24105dc5]" started-at="2022-12-20T15:55:19 IST" name="beforeMethod" finished-at="2022-12-20T15:55:19 IST" duration-ms="0" status="PASS">
          <params>
            <param index="0">
              <value>
                <![CDATA[public void com.runway.test.ui.SyncSettingsTest.defaultSaveButton()]]>
              </value>
            </param>
          </params>
          <reporter-output>
          </reporter-output>
        </test-method> <!-- beforeMethod -->
        <test-method signature="defaultSaveButton()[pri:6, instance:com.runway.test.ui.SyncSettingsTest@24105dc5]" started-at="2022-12-20T15:55:19 IST" name="defaultSaveButton" finished-at="2022-12-20T15:55:26 IST" duration-ms="6721" status="FAIL">
          <exception class="java.lang.AssertionError">
            <message>
              <![CDATA[did not expect to find [true] but found [false]]]>
            </message>
            <full-stacktrace>
              <![CDATA[java.lang.AssertionError: did not expect to find [true] but found [false]
at org.testng.Assert.fail(Assert.java:97)
at org.testng.Assert.failNotEquals(Assert.java:969)
at org.testng.Assert.assertTrue(Assert.java:43)
at org.testng.Assert.assertTrue(Assert.java:53)
at com.runway.test.ui.SyncSettingsTest.TokenValidation(SyncSettingsTest.java:325)
at com.runway.test.ui.SyncSettingsTest.defaultSaveButton(SyncSettingsTest.java:301)
at java.base/jdk.internal.reflect.NativeMethodAccessorImpl.invoke0(Native Method)
at java.base/jdk.internal.reflect.NativeMethodAccessorImpl.invoke(NativeMethodAccessorImpl.java:77)
at java.base/jdk.internal.reflect.DelegatingMethodAccessorImpl.invoke(DelegatingMethodAccessorImpl.java:43)
at java.base/java.lang.reflect.Method.invoke(Method.java:568)
at org.testng.internal.MethodInvocationHelper.invokeMethod(MethodInvocationHelper.java:133)
at org.testng.internal.TestInvoker.invokeMethod(TestInvoker.java:584)
at org.testng.internal.TestInvoker.invokeTestMethod(TestInvoker.java:172)
at org.testng.internal.MethodRunner.runInSequence(MethodRunner.java:46)
at org.testng.internal.TestInvoker$MethodInvocationAgent.invoke(TestInvoker.java:804)
at org.testng.internal.TestInvoker.invokeTestMethods(TestInvoker.java:145)
at org.testng.internal.TestMethodWorker.invokeTestMethods(TestMethodWorker.java:146)
at org.testng.internal.TestMethodWorker.run(TestMethodWorker.java:128)
at java.base/java.util.ArrayList.forEach(ArrayList.java:1511)
at org.testng.TestRunner.privateRun(TestRunner.java:770)
at org.testng.TestRunner.run(TestRunner.java:591)
at org.testng.SuiteRunner.runTest(SuiteRunner.java:402)
at org.testng.SuiteRunner.runSequentially(SuiteRunner.java:396)
at org.testng.SuiteRunner.privateRun(SuiteRunner.java:355)
at org.testng.SuiteRunner.run(SuiteRunner.java:304)
at org.testng.SuiteRunnerWorker.runSuite(SuiteRunnerWorker.java:53)
at org.testng.SuiteRunnerWorker.run(SuiteRunnerWorker.java:96)
at org.testng.TestNG.runSuitesSequentially(TestNG.java:1180)
at org.testng.TestNG.runSuitesLocally(TestNG.java:1102)
at org.testng.TestNG.runSuites(TestNG.java:1032)
at org.testng.TestNG.run(TestNG.java:1000)
at org.testng.remote.AbstractRemoteTestNG.run(AbstractRemoteTestNG.java:115)
at org.testng.remote.RemoteTestNG.initAndRun(RemoteTestNG.java:251)
at org.testng.remote.RemoteTestNG.main(RemoteTestNG.java:77)
]]>
            </full-stacktrace>
          </exception> <!-- java.lang.AssertionError -->
          <reporter-output>
          </reporter-output>
        </test-method> <!-- defaultSaveButton -->
        <test-method signature="removeTokenTest()[pri:7, instance:com.runway.test.ui.SyncSettingsTest@24105dc5]" started-at="2022-12-20T15:55:26 IST" name="removeTokenTest" finished-at="2022-12-20T15:55:29 IST" duration-ms="3037" status="PASS">
          <reporter-output>
          </reporter-output>
        </test-method> <!-- removeTokenTest -->
        <test-method is-config="true" signature="beforeMethod(java.lang.reflect.Method)[pri:0, instance:com.runway.test.ui.SyncSettingsTest@24105dc5]" started-at="2022-12-20T15:55:26 IST" name="beforeMethod" finished-at="2022-12-20T15:55:26 IST" duration-ms="0" status="PASS">
          <params>
            <param index="0">
              <value>
                <![CDATA[public void com.runway.test.ui.SyncSettingsTest.removeTokenTest()]]>
              </value>
            </param>
          </params>
          <reporter-output>
          </reporter-output>
        </test-method> <!-- beforeMethod -->
      </class> <!-- com.runway.test.ui.SyncSettingsTest -->
    </test> <!-- Default test -->
  </suite> <!-- Default suite -->
</testng-results>
