<?xml version="1.0" encoding="UTF-8"?>
<!-- Generated by org.testng.reporters.JUnitXMLReporter -->
<testsuite ignored="6" hostname="Nexgen84" failures="4" tests="111" name="Test" time="457.175" errors="0" timestamp="2022-11-03T21:50:41 IST">
  <testcase classname="com.ots.test.api.OTSApiTest" name="authenticate" time="4.878"/>
  <testcase classname="com.ots.test.api.OTSApiTest" name="securityCodeAndZone" time="3.856"/>
  <testcase classname="com.ots.test.api.OTSApiTest" name="login" time="6.047"/>
  <testcase classname="com.ots.test.ui.OTSByDateTest" name="NavigateToReports" time="14.22"/>
  <testcase classname="com.ots.test.ui.NegativeLoginTest" name="login" time="15.031"/>
  <testcase classname="com.ots.test.ui.DashboardTest" name="login" time="16.812"/>
  <testcase classname="com.ots.test.ui.OTSByDateTest" name="navigateToOTSbyDate" time="9.729"/>
  <testcase classname="com.ots.test.ui.LoginTest" name="loginComponentsWithScanIsTrue" time="25.816"/>
  <testcase classname="com.ots.test.ui.DashboardTest" name="headerToggleIconTestbeforeClick" time="12.933"/>
  <testcase classname="com.ots.test.ui.LoginTest" name="loginComponentsWithScanIdIsFalse" time="8.375"/>
  <testcase classname="com.ots.test.ui.DashboardTest" name="themeIconTestbeforeClick" time="6.657"/>
  <testcase classname="com.ots.test.ui.OTSByDateTest" name="sidebarMenuOptionAndLogoTest" time="17.576"/>
  <testcase classname="com.ots.test.ui.OtsEnhancement" name="topBarTest" time="45.525"/>
  <testcase classname="com.ots.test.ui.LoginTest" name="loginWithEmptyDetails" time="11.893"/>
  <testcase classname="com.ots.test.ui.DashboardTest" name="bellIconTestBeforeClick" time="9.746"/>
  <testcase classname="com.ots.test.ui.DashboardTest" name="profileName" time="4.08"/>
  <testcase classname="com.ots.test.ui.NegativeLoginTest" name="otsDateTestCheckEmptyDate" time="40.074"/>
  <testcase classname="com.ots.test.ui.DashboardTest" name="profileIconTestBeforeClick" time="7.399"/>
  <testcase classname="com.ots.test.ui.OTSByDateTest" name="NavigationToReports" time="18.451"/>
  <testcase classname="com.ots.test.ui.OtsEnhancement" name="topBarTestWithOtsCalculation" time="15.45"/>
  <testcase classname="com.ots.test.ui.LoginTest" name="loginEmptyUserNameAndValidPassword" time="19.001"/>
  <testcase classname="com.ots.test.ui.DashboardTest" name="landingWelcomePage" time="10.887"/>
  <testcase classname="com.ots.test.ui.OTSByDateTest" name="headerNameAndClientIdOTSbyDate" time="9.333"/>
  <testcase classname="com.ots.test.ui.NegativeLoginTest" name="runReportWithEmptyDate" time="15.831"/>
  <testcase classname="com.ots.test.ui.DashboardTest" name="headerToggleIconTestAfterClick" time="6.146"/>
  <testcase classname="com.ots.test.ui.OTSByDateTest" name="sidebarMinimizer" time="6.145"/>
  <testcase classname="com.ots.test.ui.LoginTest" name="loginWithValidUserNameAndEmptyPassword" time="13.62"/>
  <testcase classname="com.ots.test.ui.OtsEnhancement" name="topBarWithOtsDate" time="18.866"/>
  <testcase classname="com.ots.test.ui.DashboardTest" name="themeIconTestAfterClick" time="6.123"/>
  <testcase classname="com.ots.test.ui.OTSByDateTest" name="sidebarMinimizerTest" time="6.079"/>
  <testcase classname="com.ots.test.ui.NegativeLoginTest" name="otsDatePastDateTest" time="12.457"/>
  <testcase classname="com.ots.test.ui.NegativeLoginTest" name="addedDateFieldTest" time="3.039">
    <failure type="java.lang.IndexOutOfBoundsException" message="Index 1 out of bounds for length 1">
      <![CDATA[java.lang.IndexOutOfBoundsException: Index 1 out of bounds for length 1
at java.base/jdk.internal.util.Preconditions.outOfBounds(Preconditions.java:64)
at java.base/jdk.internal.util.Preconditions.outOfBoundsCheckIndex(Preconditions.java:70)
at java.base/jdk.internal.util.Preconditions.checkIndex(Preconditions.java:266)
at java.base/java.util.Objects.checkIndex(Objects.java:359)
at java.base/java.util.ArrayList.get(ArrayList.java:427)
at com.ots.test.ui.NegativeLoginTest.addedDateFieldTest(NegativeLoginTest.java:308)
at java.base/java.util.concurrent.ThreadPoolExecutor.runWorker(ThreadPoolExecutor.java:1136)
at java.base/java.util.concurrent.ThreadPoolExecutor$Worker.run(ThreadPoolExecutor.java:635)
at java.base/java.lang.Thread.run(Thread.java:833)
... Removed 12 stack frames]]>
    </failure>
  </testcase> <!-- addedDateFieldTest -->
  <testcase classname="com.ots.test.ui.OTSByDateTest" name="sidebarMinimizercssTest" time="6.101"/>
  <testcase classname="com.ots.test.ui.OtsEnhancement" name="topBarWithDisplayStock" time="9.215"/>
  <testcase classname="com.ots.test.ui.NegativeLoginTest" name="otsDateEmptyDateFieldAndErrorMessage" time="6.14">
    <failure type="org.junit.ComparisonFailure" message="expected:&amp;lt;[Date must be future date or greater than previous date]&amp;gt; but was:&amp;lt;[Fields can&amp;apos;t be empty]&amp;gt;">
      <![CDATA[org.junit.ComparisonFailure: expected:<[Date must be future date or greater than previous date]> but was:<[Fields can't be empty]>
at org.junit.Assert.assertEquals(Assert.java:117)
at org.junit.Assert.assertEquals(Assert.java:146)
at com.ots.test.ui.NegativeLoginTest.otsDateEmptyDateFieldAndErrorMessage(NegativeLoginTest.java:165)
at java.base/java.util.concurrent.ThreadPoolExecutor.runWorker(ThreadPoolExecutor.java:1136)
at java.base/java.util.concurrent.ThreadPoolExecutor$Worker.run(ThreadPoolExecutor.java:635)
at java.base/java.lang.Thread.run(Thread.java:833)
... Removed 12 stack frames]]>
    </failure>
  </testcase> <!-- otsDateEmptyDateFieldAndErrorMessage -->
  <testcase classname="com.ots.test.ui.LoginTest" name="loginWithValidUserNameAndInvalidPassword" time="13.869"/>
  <testcase classname="com.ots.test.ui.OtsEnhancement" name="baseURL" time="4.664"/>
  <testcase classname="com.ots.test.ui.NegativeLoginTest" name="otsDatePastDateErrorText" time="6.109"/>
  <testcase classname="com.ots.test.ui.OTSByDateTest" name="notificationHeaderTest" time="11.487"/>
  <testcase classname="com.ots.test.ui.OTSByDateTest" name="jobQueuedTest" time="3.097"/>
  <testcase classname="com.ots.test.ui.OTSByDateTest" name="downLoadReportNotification" time="3.057"/>
  <testcase classname="com.ots.test.ui.LoginTest" name="inValidUserNameAndValidPassword" time="14.46"/>
  <testcase classname="com.ots.test.ui.OtsEnhancement" name="sideBarMainMenuForFullyQualifiedURL" time="14.379"/>
  <testcase classname="com.ots.test.ui.DashboardTest" name="bellIconAfterClick" time="28.12">
    <failure type="org.openqa.selenium.TimeoutException" message="Expected condition failed: waiting for visibility of element located by By.xpath: //div[contains(@class ,&amp;apos;dropdown-header&amp;apos;)]//child::strong (tried for 25 second(s) with 500 milliseconds interval)
Build info: version: &amp;apos;3.141.59&amp;apos;, revision: &amp;apos;e82be7d358&amp;apos;, time: &amp;apos;2018-11-14T08:17:03&amp;apos;
System info: host: &amp;apos;NEXGEN84&amp;apos;, ip: &amp;apos;192.168.1.167&amp;apos;, os.name: &amp;apos;Windows 11&amp;apos;, os.arch: &amp;apos;amd64&amp;apos;, os.version: &amp;apos;10.0&amp;apos;, java.version: &amp;apos;17.0.4.1&amp;apos;
Driver info: org.openqa.selenium.chrome.ChromeDriver
Capabilities {acceptInsecureCerts: false, browserName: chrome, browserVersion: 106.0.5249.119, chrome: {chromedriverVersion: 105.0.5195.52 (412c95e51883..., userDataDir: C:\Users\AKHILK~1\AppData\L...}, goog:chromeOptions: {debuggerAddress: localhost:51921}, javascriptEnabled: true, networkConnectionEnabled: false, pageLoadStrategy: normal, platform: WINDOWS, platformName: WINDOWS, proxy: Proxy(), setWindowRect: true, strictFileInteractability: false, timeouts: {implicit: 0, pageLoad: 300000, script: 30000}, unhandledPromptBehavior: dismiss and notify, webauthn:extension:credBlob: true, webauthn:extension:largeBlob: true, webauthn:virtualAuthenticators: true}
Session ID: a30ae7a45c67291975874128604bffe4">
      <![CDATA[org.openqa.selenium.TimeoutException: Expected condition failed: waiting for visibility of element located by By.xpath: //div[contains(@class ,'dropdown-header')]//child::strong (tried for 25 second(s) with 500 milliseconds interval)
Build info: version: '3.141.59', revision: 'e82be7d358', time: '2018-11-14T08:17:03'
System info: host: 'NEXGEN84', ip: '192.168.1.167', os.name: 'Windows 11', os.arch: 'amd64', os.version: '10.0', java.version: '17.0.4.1'
Driver info: org.openqa.selenium.chrome.ChromeDriver
Capabilities {acceptInsecureCerts: false, browserName: chrome, browserVersion: 106.0.5249.119, chrome: {chromedriverVersion: 105.0.5195.52 (412c95e51883..., userDataDir: C:\Users\AKHILK~1\AppData\L...}, goog:chromeOptions: {debuggerAddress: localhost:51921}, javascriptEnabled: true, networkConnectionEnabled: false, pageLoadStrategy: normal, platform: WINDOWS, platformName: WINDOWS, proxy: Proxy(), setWindowRect: true, strictFileInteractability: false, timeouts: {implicit: 0, pageLoad: 300000, script: 30000}, unhandledPromptBehavior: dismiss and notify, webauthn:extension:credBlob: true, webauthn:extension:largeBlob: true, webauthn:virtualAuthenticators: true}
Session ID: a30ae7a45c67291975874128604bffe4
at org.openqa.selenium.support.ui.WebDriverWait.timeoutException(WebDriverWait.java:95)
at org.openqa.selenium.support.ui.FluentWait.until(FluentWait.java:272)
at com.ots.test.ui.common.utils.UITestSeleniumHelper.waitForElementToBeLoaded(UITestSeleniumHelper.java:452)
at com.ots.test.ui.common.utils.UITestSeleniumHelper.findElementByXPath(UITestSeleniumHelper.java:315)
at com.ots.test.ui.DashboardTest.bellIconAfterClick(DashboardTest.java:289)
at java.base/java.util.concurrent.ThreadPoolExecutor.runWorker(ThreadPoolExecutor.java:1136)
at java.base/java.util.concurrent.ThreadPoolExecutor$Worker.run(ThreadPoolExecutor.java:635)
at java.base/java.lang.Thread.run(Thread.java:833)
... Removed 12 stack frames]]>
    </failure>
  </testcase> <!-- bellIconAfterClick -->
  <testcase classname="com.ots.test.ui.OTSByDateTest" name="jobCompletedTest" time="6.184"/>
  <testcase classname="com.ots.test.ui.DashboardTest" name="profileIconTestAfterClick" time="3.043">
    <failure type="java.lang.AssertionError">
      <![CDATA[java.lang.AssertionError
at org.junit.Assert.fail(Assert.java:87)
at org.junit.Assert.assertTrue(Assert.java:42)
at org.junit.Assert.assertTrue(Assert.java:53)
at com.ots.test.ui.DashboardTest.profileIconTestAfterClick(DashboardTest.java:352)
at java.base/java.util.concurrent.ThreadPoolExecutor.runWorker(ThreadPoolExecutor.java:1136)
at java.base/java.util.concurrent.ThreadPoolExecutor$Worker.run(ThreadPoolExecutor.java:635)
at java.base/java.lang.Thread.run(Thread.java:833)
... Removed 12 stack frames]]>
    </failure>
  </testcase> <!-- profileIconTestAfterClick -->
  <testcase classname="com.ots.test.ui.DashboardTest" name="dashboardIconTest" time="6.228"/>
  <testcase classname="com.ots.test.ui.OtsEnhancement" name="sideBarSubMenuForFullyQualifiedURL" time="12.559"/>
  <testcase classname="com.ots.test.ui.OTSByDateTest" name="runReportEnableTest" time="9.278"/>
  <testcase classname="com.ots.test.ui.LoginTest" name="invalidUserNameAndPassword" time="14.333"/>
  <testcase classname="com.ots.test.ui.NegativeLoginTest" name="otsDatefutureDate" time="23.325"/>
  <testcase classname="com.ots.test.ui.NegativeLoginTest" name="otsDatePresentDate" time="0.0">
    <skipped/>
  </testcase> <!-- otsDatePresentDate -->
  <testcase classname="com.ots.test.ui.DashboardTest" name="sideBarLogoTest" time="6.331"/>
  <testcase classname="com.ots.test.ui.DashboardTest" name="bellIconAfterClickCSS" time="0.0">
    <skipped/>
  </testcase> <!-- bellIconAfterClickCSS -->
  <testcase classname="com.ots.test.ui.DashboardTest" name="NavigateToDashboard" time="0.001">
    <skipped/>
  </testcase> <!-- NavigateToDashboard -->
  <testcase classname="com.ots.test.ui.OtsEnhancement" name="refreshesTheApplicationForFullyQualifiedURL" time="6.813"/>
  <testcase classname="com.ots.test.ui.DashboardTest" name="ClientNameTest" time="3.062"/>
  <testcase classname="com.ots.test.ui.DashboardTest" name="NavigateToReports" time="0.0">
    <skipped/>
  </testcase> <!-- NavigateToReports -->
  <testcase classname="com.ots.test.ui.DashboardTest" name="logOut" time="0.0">
    <skipped/>
  </testcase> <!-- logOut -->
  <testcase classname="com.ots.test.ui.LoginTest" name="invalidUserNameAndEmptyPassword" time="13.656"/>
  <testcase classname="com.ots.test.ui.OtsEnhancement" name="logoutForFullyQualifiedURL" time="7.633"/>
  <testcase classname="com.ots.test.ui.NegativeLoginTest" name="otsDateAddDateFieldFutureDayTest" time="15.228"/>
  <testcase classname="com.ots.test.ui.NegativeLoginTest" name="runReportWithSameDate" time="0.0">
    <skipped/>
  </testcase> <!-- runReportWithSameDate -->
  <testcase classname="com.ots.test.ui.NegativeLoginTest" name="runReportWithPastDate" time="0.0">
    <skipped/>
  </testcase> <!-- runReportWithPastDate -->
  <testcase classname="com.ots.test.ui.NegativeLoginTest" name="runReportWithPastDateField" time="0.0">
    <skipped/>
  </testcase> <!-- runReportWithPastDateField -->
  <testcase classname="com.ots.test.ui.NegativeLoginTest" name="runReportDatePresentDate" time="0.0">
    <skipped/>
  </testcase> <!-- runReportDatePresentDate -->
  <testcase classname="com.ots.test.ui.NegativeLoginTest" name="runReportDateNoOption" time="0.0">
    <skipped/>
  </testcase> <!-- runReportDateNoOption -->
  <testcase classname="com.ots.test.ui.OTSByDateTest" name="otsCalculationLableNameTest" time="21.499"/>
  <testcase classname="com.ots.test.ui.LoginTest" name="emptyUserNameAndInvalidPassword" time="10.542"/>
  <testcase classname="com.ots.test.ui.OtsEnhancement" name="wrongURLendPointFOrMainMenuEndPoint" time="13.105"/>
  <testcase classname="com.ots.test.ui.OTSByDateTest" name="OTSCalculationCheckBoxClickTest" time="12.559"/>
  <testcase classname="com.ots.test.ui.LoginTest" name="invalidUserNameInScanId" time="11.133"/>
  <testcase classname="com.ots.test.ui.OTSByDateTest" name="OTSCalculationCheckBoxUncheckTest" time="6.202"/>
  <testcase classname="com.ots.test.ui.OtsEnhancement" name="wrongURLendPointFOrSubMenuEndPoint" time="13.033"/>
  <testcase classname="com.ots.test.ui.OTSByDateTest" name="OTSDateTestIncludeOTS" time="6.103"/>
  <testcase classname="com.ots.test.ui.LoginTest" name="invalidpaswordInScanId" time="10.752"/>
  <testcase classname="com.ots.test.ui.OtsEnhancement" name="wmsSubComponentcaseSensitiveTest" time="12.698"/>
  <testcase classname="com.ots.test.ui.LoginTest" name="withoutSemicolonScanIdValidation" time="10.708"/>
  <testcase classname="com.ots.test.ui.OTSByDateTest" name="OTSDateTestIncludeOTSOptions" time="12.444"/>
  <testcase classname="com.ots.test.ui.OTSByDateTest" name="OTSDateTestDefaultOption" time="6.069"/>
  <testcase classname="com.ots.test.ui.LoginTest" name="validScanID" time="16.056"/>
  <testcase classname="com.ots.test.ui.OTSByDateTest" name="OTSDateTestYesOption" time="10.261"/>
  <testcase classname="com.ots.test.ui.OTSByDateTest" name="OTSDateTestYesOptionCSS" time="6.074"/>
  <testcase classname="com.ots.test.ui.OTSByDateTest" name="dateFieldAndADDIconTest" time="12.207"/>
  <testcase classname="com.ots.test.ui.OTSByDateTest" name="otsDateDatePickerTest" time="9.213"/>
  <testcase classname="com.ots.test.ui.OTSByDateTest" name="datePickerHeaderTest" time="6.1"/>
  <testcase classname="com.ots.test.ui.OTSByDateTest" name="datePickerDayNameTest" time="3.035"/>
  <testcase classname="com.ots.test.ui.OTSByDateTest" name="datePickePreviousrArrowIconClickTest" time="12.278"/>
  <testcase classname="com.ots.test.ui.OTSByDateTest" name="datePickerGrayedAndActiveDayTest" time="6.123"/>
  <testcase classname="com.ots.test.ui.OTSByDateTest" name="currentDateTest" time="18.563"/>
  <testcase classname="com.ots.test.ui.OTSByDateTest" name="datePickerSelectDateTest" time="16.58"/>
  <testcase classname="com.ots.test.ui.OTSByDateTest" name="datePickerHeaderdatefield2" time="6.263"/>
  <testcase classname="com.ots.test.ui.OTSByDateTest" name="datePickerSendDatefield2" time="6.534"/>
  <testcase classname="com.ots.test.ui.OTSByDateTest" name="OTSDateTestAddTest" time="12.24"/>
  <testcase classname="com.ots.test.ui.OTSByDateTest" name="OTSDateTestRemoveDatefield" time="9.188"/>
  <testcase classname="com.ots.test.ui.OTSByDateTest" name="afterRemovedDatefieldAddSymbol" time="6.073"/>
  <testcase classname="com.ots.test.ui.OTSByDateTest" name="afterRemovedSpecificDatefield" time="9.722"/>
  <testcase classname="com.ots.test.ui.OTSByDateTest" name="wareHouseTestAllWarehouseText" time="5.812"/>
  <testcase classname="com.ots.test.ui.OTSByDateTest" name="wareHouseDisplayStockTest" time="6.204"/>
  <testcase classname="com.ots.test.ui.OTSByDateTest" name="runReportDisplayStockTest" time="9.214"/>
  <testcase classname="com.ots.test.ui.OTSByDateTest" name="wareHouseTest" time="3.041"/>
  <testcase classname="com.ots.test.ui.OTSByDateTest" name="diplayStockCheckBoxClickingTest" time="12.289"/>
  <testcase classname="com.ots.test.ui.OTSByDateTest" name="tagAllAndUnTagTest" time="12.295"/>
  <testcase classname="com.ots.test.ui.OTSByDateTest" name="diplayStockTagAllTest" time="9.239"/>
  <testcase classname="com.ots.test.ui.OTSByDateTest" name="warehousesTest" time="3.077"/>
  <testcase classname="com.ots.test.ui.OTSByDateTest" name="otsBySizeText" time="5.069"/>
  <testcase classname="com.ots.test.ui.OTSByDateTest" name="otsBySizeTest" time="8.241"/>
  <testcase classname="com.ots.test.ui.OTSByDateTest" name="footerRightSideText" time="3.051"/>
  <testcase classname="com.ots.test.ui.OTSByDateTest" name="footerLeftSideText" time="6.198"/>
  <testcase classname="com.ots.test.ui.OTSByDateTest" name="runReportTest" time="3.036"/>
  <testcase classname="com.ots.test.ui.OTSByDateTest" name="logOut" time="13.983"/>
  <testcase classname="com.ots.test.api.OTSApiTest" name="getAccessTokenApi" time="0.0">
    <ignored/>
  </testcase> <!-- getAccessTokenApi -->
  <testcase classname="com.ots.test.ui.OtsEnhancement" name="otsByDateUrlTest" time="0.0">
    <ignored/>
  </testcase> <!-- otsByDateUrlTest -->
  <testcase classname="com.ots.test.ui.OTSByDateTest" name="fileTest" time="0.0">
    <ignored/>
  </testcase> <!-- fileTest -->
  <testcase classname="com.ots.test.api.OTSApiTest" name="getWarehouse" time="0.0">
    <ignored/>
  </testcase> <!-- getWarehouse -->
  <testcase classname="com.ots.test.ui.OtsEnhancement" name="reportsUrlPatternTest" time="0.0">
    <ignored/>
  </testcase> <!-- reportsUrlPatternTest -->
  <testcase classname="com.ots.test.ui.OtsEnhancement" name="caseInsensitiveEndPoints" time="0.0">
    <ignored/>
  </testcase> <!-- caseInsensitiveEndPoints -->
</testsuite> <!-- Test -->
