<html>
<head>
<title>TestNG:  Test</title>
<link href="../testng.css" rel="stylesheet" type="text/css" />
<link href="../my-testng.css" rel="stylesheet" type="text/css" />

<style type="text/css">
.log { display: none;} 
.stack-trace { display: none;} 
</style>
<script type="text/javascript">
<!--
function flip(e) {
  current = e.style.display;
  if (current == 'block') {
    e.style.display = 'none';
    return 0;
  }
  else {
    e.style.display = 'block';
    return 1;
  }
}

function toggleBox(szDivId, elem, msg1, msg2)
{
  var res = -1;  if (document.getElementById) {
    res = flip(document.getElementById(szDivId));
  }
  else if (document.all) {
    // this is the way old msie versions work
    res = flip(document.all[szDivId]);
  }
  if(elem) {
    if(res == 0) elem.innerHTML = msg1; else elem.innerHTML = msg2;
  }

}

function toggleAllBoxes() {
  if (document.getElementsByTagName) {
    d = document.getElementsByTagName('div');
    for (i = 0; i < d.length; i++) {
      if (d[i].className == 'log') {
        flip(d[i]);
      }
    }
  }
}

// -->
</script>

</head>
<body>
<h2 align='center'>Test</h2><table border='1' align="center">
<tr>
<td>Tests passed/Failed/Skipped:</td><td>97/4/10</td>
</tr><tr>
<td>Started on:</td><td>Thu Nov 03 21:43:03 IST 2022</td>
</tr>
<tr><td>Total time:</td><td>457 seconds (457175 ms)</td>
</tr><tr>
<td>Included groups:</td><td></td>
</tr><tr>
<td>Excluded groups:</td><td></td>
</tr>
</table><p/>
<small><i>(Hover the method name to see the test class name)</i></small><p/>
<table width='100%' border='1' class='invocation-failed'>
<tr><td colspan='4' align='center'><b>FAILED TESTS</b></td></tr>
<tr><td><b>Test method</b></td>
<td width="30%"><b>Exception</b></td>
<td width="10%"><b>Time (seconds)</b></td>
<td><b>Instance</b></td>
</tr>
<tr>
<td title='com.ots.test.ui.NegativeLoginTest.addedDateFieldTest()'><b>addedDateFieldTest</b><br>Test class: com.ots.test.ui.NegativeLoginTest</td>
<td><div><pre>java.lang.IndexOutOfBoundsException: Index 1 out of bounds for length 1
	at java.base/jdk.internal.util.Preconditions.outOfBounds(Preconditions.java:64)
	at java.base/jdk.internal.util.Preconditions.outOfBoundsCheckIndex(Preconditions.java:70)
	at java.base/jdk.internal.util.Preconditions.checkIndex(Preconditions.java:266)
	at java.base/java.util.Objects.checkIndex(Objects.java:359)
	at java.base/java.util.ArrayList.get(ArrayList.java:427)
	at com.ots.test.ui.NegativeLoginTest.addedDateFieldTest(NegativeLoginTest.java:308)
	at java.base/java.util.concurrent.ThreadPoolExecutor.runWorker(ThreadPoolExecutor.java:1136)
	at java.base/java.util.concurrent.ThreadPoolExecutor$Worker.run(ThreadPoolExecutor.java:635)
	at java.base/java.lang.Thread.run(Thread.java:833)
... Removed 12 stack frames</pre></div><a href='#' onClick='toggleBox("stack-trace1124326850", this, "Click to show all stack frames", "Click to hide stack frames")'>Click to show all stack frames</a>
<div class='stack-trace' id='stack-trace1124326850'><pre>java.lang.IndexOutOfBoundsException: Index 1 out of bounds for length 1
	at java.base/jdk.internal.util.Preconditions.outOfBounds(Preconditions.java:64)
	at java.base/jdk.internal.util.Preconditions.outOfBoundsCheckIndex(Preconditions.java:70)
	at java.base/jdk.internal.util.Preconditions.checkIndex(Preconditions.java:266)
	at java.base/java.util.Objects.checkIndex(Objects.java:359)
	at java.base/java.util.ArrayList.get(ArrayList.java:427)
	at com.ots.test.ui.NegativeLoginTest.addedDateFieldTest(NegativeLoginTest.java:308)
	at java.base/jdk.internal.reflect.NativeMethodAccessorImpl.invoke0(Native Method)
	at java.base/jdk.internal.reflect.NativeMethodAccessorImpl.invoke(NativeMethodAccessorImpl.java:77)
	at java.base/jdk.internal.reflect.DelegatingMethodAccessorImpl.invoke(DelegatingMethodAccessorImpl.java:43)
	at java.base/java.lang.reflect.Method.invoke(Method.java:568)
	at org.testng.internal.MethodInvocationHelper.invokeMethod(MethodInvocationHelper.java:133)
	at org.testng.internal.TestInvoker.invokeMethod(TestInvoker.java:584)
	at org.testng.internal.TestInvoker.invokeTestMethod(TestInvoker.java:172)
	at org.testng.internal.MethodRunner.runInSequence(MethodRunner.java:46)
	at org.testng.internal.TestInvoker$MethodInvocationAgent.invoke(TestInvoker.java:804)
	at org.testng.internal.TestInvoker.invokeTestMethods(TestInvoker.java:145)
	at org.testng.internal.TestMethodWorker.invokeTestMethods(TestMethodWorker.java:146)
	at org.testng.internal.TestMethodWorker.run(TestMethodWorker.java:128)
	at java.base/java.util.concurrent.ThreadPoolExecutor.runWorker(ThreadPoolExecutor.java:1136)
	at java.base/java.util.concurrent.ThreadPoolExecutor$Worker.run(ThreadPoolExecutor.java:635)
	at java.base/java.lang.Thread.run(Thread.java:833)
</pre></div></td>
<td>3</td>
<td>com.ots.test.ui.NegativeLoginTest@e260766</td></tr>
<tr>
<td title='com.ots.test.ui.DashboardTest.bellIconAfterClick()'><b>bellIconAfterClick</b><br>Test class: com.ots.test.ui.DashboardTest</td>
<td><div><pre>org.openqa.selenium.TimeoutException: Expected condition failed: waiting for visibility of element located by By.xpath: //div[contains(@class ,&apos;dropdown-header&apos;)]//child::strong (tried for 25 second(s) with 500 milliseconds interval)
Build info: version: &apos;3.141.59&apos;, revision: &apos;e82be7d358&apos;, time: &apos;2018-11-14T08:17:03&apos;
System info: host: &apos;NEXGEN84&apos;, ip: &apos;192.168.1.167&apos;, os.name: &apos;Windows 11&apos;, os.arch: &apos;amd64&apos;, os.version: &apos;10.0&apos;, java.version: &apos;17.0.4.1&apos;
Driver info: org.openqa.selenium.chrome.ChromeDriver
Capabilities {acceptInsecureCerts: false, browserName: chrome, browserVersion: 106.0.5249.119, chrome: {chromedriverVersion: 105.0.5195.52 (412c95e51883..., userDataDir: C:\Users\AKHILK~1\AppData\L...}, goog:chromeOptions: {debuggerAddress: localhost:51921}, javascriptEnabled: true, networkConnectionEnabled: false, pageLoadStrategy: normal, platform: WINDOWS, platformName: WINDOWS, proxy: Proxy(), setWindowRect: true, strictFileInteractability: false, timeouts: {implicit: 0, pageLoad: 300000, script: 30000}, unhandledPromptBehavior: dismiss and notify, webauthn:extension:credBlob: true, webauthn:extension:largeBlob: true, webauthn:virtualAuthenticators: true}
Session ID: a30ae7a45c67291975874128604bffe4
	at org.openqa.selenium.support.ui.WebDriverWait.timeoutException(WebDriverWait.java:95)
	at org.openqa.selenium.support.ui.FluentWait.until(FluentWait.java:272)
	at com.ots.test.ui.common.utils.UITestSeleniumHelper.waitForElementToBeLoaded(UITestSeleniumHelper.java:452)
	at com.ots.test.ui.common.utils.UITestSeleniumHelper.findElementByXPath(UITestSeleniumHelper.java:315)
	at com.ots.test.ui.DashboardTest.bellIconAfterClick(DashboardTest.java:289)
	at java.base/java.util.concurrent.ThreadPoolExecutor.runWorker(ThreadPoolExecutor.java:1136)
	at java.base/java.util.concurrent.ThreadPoolExecutor$Worker.run(ThreadPoolExecutor.java:635)
	at java.base/java.lang.Thread.run(Thread.java:833)
... Removed 12 stack frames</pre></div><a href='#' onClick='toggleBox("stack-trace409194736", this, "Click to show all stack frames", "Click to hide stack frames")'>Click to show all stack frames</a>
<div class='stack-trace' id='stack-trace409194736'><pre>org.openqa.selenium.TimeoutException: Expected condition failed: waiting for visibility of element located by By.xpath: //div[contains(@class ,&apos;dropdown-header&apos;)]//child::strong (tried for 25 second(s) with 500 milliseconds interval)
Build info: version: &apos;3.141.59&apos;, revision: &apos;e82be7d358&apos;, time: &apos;2018-11-14T08:17:03&apos;
System info: host: &apos;NEXGEN84&apos;, ip: &apos;192.168.1.167&apos;, os.name: &apos;Windows 11&apos;, os.arch: &apos;amd64&apos;, os.version: &apos;10.0&apos;, java.version: &apos;17.0.4.1&apos;
Driver info: org.openqa.selenium.chrome.ChromeDriver
Capabilities {acceptInsecureCerts: false, browserName: chrome, browserVersion: 106.0.5249.119, chrome: {chromedriverVersion: 105.0.5195.52 (412c95e51883..., userDataDir: C:\Users\AKHILK~1\AppData\L...}, goog:chromeOptions: {debuggerAddress: localhost:51921}, javascriptEnabled: true, networkConnectionEnabled: false, pageLoadStrategy: normal, platform: WINDOWS, platformName: WINDOWS, proxy: Proxy(), setWindowRect: true, strictFileInteractability: false, timeouts: {implicit: 0, pageLoad: 300000, script: 30000}, unhandledPromptBehavior: dismiss and notify, webauthn:extension:credBlob: true, webauthn:extension:largeBlob: true, webauthn:virtualAuthenticators: true}
Session ID: a30ae7a45c67291975874128604bffe4
	at org.openqa.selenium.support.ui.WebDriverWait.timeoutException(WebDriverWait.java:95)
	at org.openqa.selenium.support.ui.FluentWait.until(FluentWait.java:272)
	at com.ots.test.ui.common.utils.UITestSeleniumHelper.waitForElementToBeLoaded(UITestSeleniumHelper.java:452)
	at com.ots.test.ui.common.utils.UITestSeleniumHelper.findElementByXPath(UITestSeleniumHelper.java:315)
	at com.ots.test.ui.DashboardTest.bellIconAfterClick(DashboardTest.java:289)
	at java.base/jdk.internal.reflect.NativeMethodAccessorImpl.invoke0(Native Method)
	at java.base/jdk.internal.reflect.NativeMethodAccessorImpl.invoke(NativeMethodAccessorImpl.java:77)
	at java.base/jdk.internal.reflect.DelegatingMethodAccessorImpl.invoke(DelegatingMethodAccessorImpl.java:43)
	at java.base/java.lang.reflect.Method.invoke(Method.java:568)
	at org.testng.internal.MethodInvocationHelper.invokeMethod(MethodInvocationHelper.java:133)
	at org.testng.internal.TestInvoker.invokeMethod(TestInvoker.java:584)
	at org.testng.internal.TestInvoker.invokeTestMethod(TestInvoker.java:172)
	at org.testng.internal.MethodRunner.runInSequence(MethodRunner.java:46)
	at org.testng.internal.TestInvoker$MethodInvocationAgent.invoke(TestInvoker.java:804)
	at org.testng.internal.TestInvoker.invokeTestMethods(TestInvoker.java:145)
	at org.testng.internal.TestMethodWorker.invokeTestMethods(TestMethodWorker.java:146)
	at org.testng.internal.TestMethodWorker.run(TestMethodWorker.java:128)
	at java.base/java.util.concurrent.ThreadPoolExecutor.runWorker(ThreadPoolExecutor.java:1136)
	at java.base/java.util.concurrent.ThreadPoolExecutor$Worker.run(ThreadPoolExecutor.java:635)
	at java.base/java.lang.Thread.run(Thread.java:833)
</pre></div></td>
<td>28</td>
<td>com.ots.test.ui.DashboardTest@3ce3db41</td></tr>
<tr>
<td title='com.ots.test.ui.NegativeLoginTest.otsDateEmptyDateFieldAndErrorMessage()'><b>otsDateEmptyDateFieldAndErrorMessage</b><br>Test class: com.ots.test.ui.NegativeLoginTest</td>
<td><div><pre>org.junit.ComparisonFailure: expected:&lt;[Date must be future date or greater than previous date]&gt; but was:&lt;[Fields can&apos;t be empty]&gt;
	at org.junit.Assert.assertEquals(Assert.java:117)
	at org.junit.Assert.assertEquals(Assert.java:146)
	at com.ots.test.ui.NegativeLoginTest.otsDateEmptyDateFieldAndErrorMessage(NegativeLoginTest.java:165)
	at java.base/java.util.concurrent.ThreadPoolExecutor.runWorker(ThreadPoolExecutor.java:1136)
	at java.base/java.util.concurrent.ThreadPoolExecutor$Worker.run(ThreadPoolExecutor.java:635)
	at java.base/java.lang.Thread.run(Thread.java:833)
... Removed 12 stack frames</pre></div><a href='#' onClick='toggleBox("stack-trace1820163169", this, "Click to show all stack frames", "Click to hide stack frames")'>Click to show all stack frames</a>
<div class='stack-trace' id='stack-trace1820163169'><pre>org.junit.ComparisonFailure: expected:&lt;[Date must be future date or greater than previous date]&gt; but was:&lt;[Fields can&apos;t be empty]&gt;
	at org.junit.Assert.assertEquals(Assert.java:117)
	at org.junit.Assert.assertEquals(Assert.java:146)
	at com.ots.test.ui.NegativeLoginTest.otsDateEmptyDateFieldAndErrorMessage(NegativeLoginTest.java:165)
	at java.base/jdk.internal.reflect.NativeMethodAccessorImpl.invoke0(Native Method)
	at java.base/jdk.internal.reflect.NativeMethodAccessorImpl.invoke(NativeMethodAccessorImpl.java:77)
	at java.base/jdk.internal.reflect.DelegatingMethodAccessorImpl.invoke(DelegatingMethodAccessorImpl.java:43)
	at java.base/java.lang.reflect.Method.invoke(Method.java:568)
	at org.testng.internal.MethodInvocationHelper.invokeMethod(MethodInvocationHelper.java:133)
	at org.testng.internal.TestInvoker.invokeMethod(TestInvoker.java:584)
	at org.testng.internal.TestInvoker.invokeTestMethod(TestInvoker.java:172)
	at org.testng.internal.MethodRunner.runInSequence(MethodRunner.java:46)
	at org.testng.internal.TestInvoker$MethodInvocationAgent.invoke(TestInvoker.java:804)
	at org.testng.internal.TestInvoker.invokeTestMethods(TestInvoker.java:145)
	at org.testng.internal.TestMethodWorker.invokeTestMethods(TestMethodWorker.java:146)
	at org.testng.internal.TestMethodWorker.run(TestMethodWorker.java:128)
	at java.base/java.util.concurrent.ThreadPoolExecutor.runWorker(ThreadPoolExecutor.java:1136)
	at java.base/java.util.concurrent.ThreadPoolExecutor$Worker.run(ThreadPoolExecutor.java:635)
	at java.base/java.lang.Thread.run(Thread.java:833)
</pre></div></td>
<td>6</td>
<td>com.ots.test.ui.NegativeLoginTest@e260766</td></tr>
<tr>
<td title='com.ots.test.ui.DashboardTest.profileIconTestAfterClick()'><b>profileIconTestAfterClick</b><br>Test class: com.ots.test.ui.DashboardTest</td>
<td><div><pre>java.lang.AssertionError
	at org.junit.Assert.fail(Assert.java:87)
	at org.junit.Assert.assertTrue(Assert.java:42)
	at org.junit.Assert.assertTrue(Assert.java:53)
	at com.ots.test.ui.DashboardTest.profileIconTestAfterClick(DashboardTest.java:352)
	at java.base/java.util.concurrent.ThreadPoolExecutor.runWorker(ThreadPoolExecutor.java:1136)
	at java.base/java.util.concurrent.ThreadPoolExecutor$Worker.run(ThreadPoolExecutor.java:635)
	at java.base/java.lang.Thread.run(Thread.java:833)
... Removed 12 stack frames</pre></div><a href='#' onClick='toggleBox("stack-trace1783279590", this, "Click to show all stack frames", "Click to hide stack frames")'>Click to show all stack frames</a>
<div class='stack-trace' id='stack-trace1783279590'><pre>java.lang.AssertionError
	at org.junit.Assert.fail(Assert.java:87)
	at org.junit.Assert.assertTrue(Assert.java:42)
	at org.junit.Assert.assertTrue(Assert.java:53)
	at com.ots.test.ui.DashboardTest.profileIconTestAfterClick(DashboardTest.java:352)
	at java.base/jdk.internal.reflect.NativeMethodAccessorImpl.invoke0(Native Method)
	at java.base/jdk.internal.reflect.NativeMethodAccessorImpl.invoke(NativeMethodAccessorImpl.java:77)
	at java.base/jdk.internal.reflect.DelegatingMethodAccessorImpl.invoke(DelegatingMethodAccessorImpl.java:43)
	at java.base/java.lang.reflect.Method.invoke(Method.java:568)
	at org.testng.internal.MethodInvocationHelper.invokeMethod(MethodInvocationHelper.java:133)
	at org.testng.internal.TestInvoker.invokeMethod(TestInvoker.java:584)
	at org.testng.internal.TestInvoker.invokeTestMethod(TestInvoker.java:172)
	at org.testng.internal.MethodRunner.runInSequence(MethodRunner.java:46)
	at org.testng.internal.TestInvoker$MethodInvocationAgent.invoke(TestInvoker.java:804)
	at org.testng.internal.TestInvoker.invokeTestMethods(TestInvoker.java:145)
	at org.testng.internal.TestMethodWorker.invokeTestMethods(TestMethodWorker.java:146)
	at org.testng.internal.TestMethodWorker.run(TestMethodWorker.java:128)
	at java.base/java.util.concurrent.ThreadPoolExecutor.runWorker(ThreadPoolExecutor.java:1136)
	at java.base/java.util.concurrent.ThreadPoolExecutor$Worker.run(ThreadPoolExecutor.java:635)
	at java.base/java.lang.Thread.run(Thread.java:833)
</pre></div></td>
<td>3</td>
<td>com.ots.test.ui.DashboardTest@3ce3db41</td></tr>
</table><p>
<table width='100%' border='1' class='invocation-passed'>
<tr><td colspan='4' align='center'><b>PASSED TESTS</b></td></tr>
<tr><td><b>Test method</b></td>
<td width="30%"><b>Exception</b></td>
<td width="10%"><b>Time (seconds)</b></td>
<td><b>Instance</b></td>
</tr>
<tr>
<td title='com.ots.test.ui.DashboardTest.ClientNameTest()'><b>ClientNameTest</b><br>Test class: com.ots.test.ui.DashboardTest</td>
<td></td>
<td>3</td>
<td>com.ots.test.ui.DashboardTest@3ce3db41</td></tr>
<tr>
<td title='com.ots.test.ui.OTSByDateTest.NavigateToReports()'><b>NavigateToReports</b><br>Test class: com.ots.test.ui.OTSByDateTest</td>
<td></td>
<td>14</td>
<td>com.ots.test.ui.OTSByDateTest@38f57b3d</td></tr>
<tr>
<td title='com.ots.test.ui.OTSByDateTest.NavigationToReports()'><b>NavigationToReports</b><br>Test class: com.ots.test.ui.OTSByDateTest</td>
<td></td>
<td>18</td>
<td>com.ots.test.ui.OTSByDateTest@38f57b3d</td></tr>
<tr>
<td title='com.ots.test.ui.OTSByDateTest.OTSCalculationCheckBoxClickTest()'><b>OTSCalculationCheckBoxClickTest</b><br>Test class: com.ots.test.ui.OTSByDateTest</td>
<td></td>
<td>12</td>
<td>com.ots.test.ui.OTSByDateTest@38f57b3d</td></tr>
<tr>
<td title='com.ots.test.ui.OTSByDateTest.OTSCalculationCheckBoxUncheckTest()'><b>OTSCalculationCheckBoxUncheckTest</b><br>Test class: com.ots.test.ui.OTSByDateTest</td>
<td></td>
<td>6</td>
<td>com.ots.test.ui.OTSByDateTest@38f57b3d</td></tr>
<tr>
<td title='com.ots.test.ui.OTSByDateTest.OTSDateTestAddTest()'><b>OTSDateTestAddTest</b><br>Test class: com.ots.test.ui.OTSByDateTest</td>
<td></td>
<td>12</td>
<td>com.ots.test.ui.OTSByDateTest@38f57b3d</td></tr>
<tr>
<td title='com.ots.test.ui.OTSByDateTest.OTSDateTestDefaultOption()'><b>OTSDateTestDefaultOption</b><br>Test class: com.ots.test.ui.OTSByDateTest</td>
<td></td>
<td>6</td>
<td>com.ots.test.ui.OTSByDateTest@38f57b3d</td></tr>
<tr>
<td title='com.ots.test.ui.OTSByDateTest.OTSDateTestIncludeOTS()'><b>OTSDateTestIncludeOTS</b><br>Test class: com.ots.test.ui.OTSByDateTest</td>
<td></td>
<td>6</td>
<td>com.ots.test.ui.OTSByDateTest@38f57b3d</td></tr>
<tr>
<td title='com.ots.test.ui.OTSByDateTest.OTSDateTestIncludeOTSOptions()'><b>OTSDateTestIncludeOTSOptions</b><br>Test class: com.ots.test.ui.OTSByDateTest</td>
<td></td>
<td>12</td>
<td>com.ots.test.ui.OTSByDateTest@38f57b3d</td></tr>
<tr>
<td title='com.ots.test.ui.OTSByDateTest.OTSDateTestRemoveDatefield()'><b>OTSDateTestRemoveDatefield</b><br>Test class: com.ots.test.ui.OTSByDateTest</td>
<td></td>
<td>9</td>
<td>com.ots.test.ui.OTSByDateTest@38f57b3d</td></tr>
<tr>
<td title='com.ots.test.ui.OTSByDateTest.OTSDateTestYesOption()'><b>OTSDateTestYesOption</b><br>Test class: com.ots.test.ui.OTSByDateTest</td>
<td></td>
<td>10</td>
<td>com.ots.test.ui.OTSByDateTest@38f57b3d</td></tr>
<tr>
<td title='com.ots.test.ui.OTSByDateTest.OTSDateTestYesOptionCSS()'><b>OTSDateTestYesOptionCSS</b><br>Test class: com.ots.test.ui.OTSByDateTest</td>
<td></td>
<td>6</td>
<td>com.ots.test.ui.OTSByDateTest@38f57b3d</td></tr>
<tr>
<td title='com.ots.test.ui.OTSByDateTest.afterRemovedDatefieldAddSymbol()'><b>afterRemovedDatefieldAddSymbol</b><br>Test class: com.ots.test.ui.OTSByDateTest</td>
<td></td>
<td>6</td>
<td>com.ots.test.ui.OTSByDateTest@38f57b3d</td></tr>
<tr>
<td title='com.ots.test.ui.OTSByDateTest.afterRemovedSpecificDatefield()'><b>afterRemovedSpecificDatefield</b><br>Test class: com.ots.test.ui.OTSByDateTest</td>
<td></td>
<td>9</td>
<td>com.ots.test.ui.OTSByDateTest@38f57b3d</td></tr>
<tr>
<td title='com.ots.test.api.OTSApiTest.authenticate()'><b>authenticate</b><br>Test class: com.ots.test.api.OTSApiTest</td>
<td></td>
<td>4</td>
<td>com.ots.test.api.OTSApiTest@51850751</td></tr>
<tr>
<td title='com.ots.test.ui.OtsEnhancement.baseURL()'><b>baseURL</b><br>Test class: com.ots.test.ui.OtsEnhancement</td>
<td></td>
<td>4</td>
<td>com.ots.test.ui.OtsEnhancement@64df9a61</td></tr>
<tr>
<td title='com.ots.test.ui.DashboardTest.bellIconTestBeforeClick()'><b>bellIconTestBeforeClick</b><br>Test class: com.ots.test.ui.DashboardTest</td>
<td></td>
<td>9</td>
<td>com.ots.test.ui.DashboardTest@3ce3db41</td></tr>
<tr>
<td title='com.ots.test.ui.OTSByDateTest.currentDateTest()'><b>currentDateTest</b><br>Test class: com.ots.test.ui.OTSByDateTest</td>
<td></td>
<td>18</td>
<td>com.ots.test.ui.OTSByDateTest@38f57b3d</td></tr>
<tr>
<td title='com.ots.test.ui.DashboardTest.dashboardIconTest()'><b>dashboardIconTest</b><br>Test class: com.ots.test.ui.DashboardTest</td>
<td></td>
<td>6</td>
<td>com.ots.test.ui.DashboardTest@3ce3db41</td></tr>
<tr>
<td title='com.ots.test.ui.OTSByDateTest.dateFieldAndADDIconTest()'><b>dateFieldAndADDIconTest</b><br>Test class: com.ots.test.ui.OTSByDateTest</td>
<td></td>
<td>12</td>
<td>com.ots.test.ui.OTSByDateTest@38f57b3d</td></tr>
<tr>
<td title='com.ots.test.ui.OTSByDateTest.datePickePreviousrArrowIconClickTest()'><b>datePickePreviousrArrowIconClickTest</b><br>Test class: com.ots.test.ui.OTSByDateTest</td>
<td></td>
<td>12</td>
<td>com.ots.test.ui.OTSByDateTest@38f57b3d</td></tr>
<tr>
<td title='com.ots.test.ui.OTSByDateTest.datePickerDayNameTest()'><b>datePickerDayNameTest</b><br>Test class: com.ots.test.ui.OTSByDateTest</td>
<td></td>
<td>3</td>
<td>com.ots.test.ui.OTSByDateTest@38f57b3d</td></tr>
<tr>
<td title='com.ots.test.ui.OTSByDateTest.datePickerGrayedAndActiveDayTest()'><b>datePickerGrayedAndActiveDayTest</b><br>Test class: com.ots.test.ui.OTSByDateTest</td>
<td></td>
<td>6</td>
<td>com.ots.test.ui.OTSByDateTest@38f57b3d</td></tr>
<tr>
<td title='com.ots.test.ui.OTSByDateTest.datePickerHeaderTest()'><b>datePickerHeaderTest</b><br>Test class: com.ots.test.ui.OTSByDateTest</td>
<td></td>
<td>6</td>
<td>com.ots.test.ui.OTSByDateTest@38f57b3d</td></tr>
<tr>
<td title='com.ots.test.ui.OTSByDateTest.datePickerHeaderdatefield2()'><b>datePickerHeaderdatefield2</b><br>Test class: com.ots.test.ui.OTSByDateTest</td>
<td></td>
<td>6</td>
<td>com.ots.test.ui.OTSByDateTest@38f57b3d</td></tr>
<tr>
<td title='com.ots.test.ui.OTSByDateTest.datePickerSelectDateTest()'><b>datePickerSelectDateTest</b><br>Test class: com.ots.test.ui.OTSByDateTest</td>
<td></td>
<td>16</td>
<td>com.ots.test.ui.OTSByDateTest@38f57b3d</td></tr>
<tr>
<td title='com.ots.test.ui.OTSByDateTest.datePickerSendDatefield2()'><b>datePickerSendDatefield2</b><br>Test class: com.ots.test.ui.OTSByDateTest</td>
<td></td>
<td>6</td>
<td>com.ots.test.ui.OTSByDateTest@38f57b3d</td></tr>
<tr>
<td title='com.ots.test.ui.OTSByDateTest.diplayStockCheckBoxClickingTest()'><b>diplayStockCheckBoxClickingTest</b><br>Test class: com.ots.test.ui.OTSByDateTest</td>
<td></td>
<td>12</td>
<td>com.ots.test.ui.OTSByDateTest@38f57b3d</td></tr>
<tr>
<td title='com.ots.test.ui.OTSByDateTest.diplayStockTagAllTest()'><b>diplayStockTagAllTest</b><br>Test class: com.ots.test.ui.OTSByDateTest</td>
<td></td>
<td>9</td>
<td>com.ots.test.ui.OTSByDateTest@38f57b3d</td></tr>
<tr>
<td title='com.ots.test.ui.OTSByDateTest.downLoadReportNotification()'><b>downLoadReportNotification</b><br>Test class: com.ots.test.ui.OTSByDateTest</td>
<td></td>
<td>3</td>
<td>com.ots.test.ui.OTSByDateTest@38f57b3d</td></tr>
<tr>
<td title='com.ots.test.ui.LoginTest.emptyUserNameAndInvalidPassword()'><b>emptyUserNameAndInvalidPassword</b><br>Test class: com.ots.test.ui.LoginTest</td>
<td></td>
<td>10</td>
<td>com.ots.test.ui.LoginTest@77602954</td></tr>
<tr>
<td title='com.ots.test.ui.OTSByDateTest.footerLeftSideText()'><b>footerLeftSideText</b><br>Test class: com.ots.test.ui.OTSByDateTest</td>
<td></td>
<td>6</td>
<td>com.ots.test.ui.OTSByDateTest@38f57b3d</td></tr>
<tr>
<td title='com.ots.test.ui.OTSByDateTest.footerRightSideText()'><b>footerRightSideText</b><br>Test class: com.ots.test.ui.OTSByDateTest</td>
<td></td>
<td>3</td>
<td>com.ots.test.ui.OTSByDateTest@38f57b3d</td></tr>
<tr>
<td title='com.ots.test.ui.OTSByDateTest.headerNameAndClientIdOTSbyDate()'><b>headerNameAndClientIdOTSbyDate</b><br>Test class: com.ots.test.ui.OTSByDateTest</td>
<td></td>
<td>9</td>
<td>com.ots.test.ui.OTSByDateTest@38f57b3d</td></tr>
<tr>
<td title='com.ots.test.ui.DashboardTest.headerToggleIconTestAfterClick()'><b>headerToggleIconTestAfterClick</b><br>Test class: com.ots.test.ui.DashboardTest</td>
<td></td>
<td>6</td>
<td>com.ots.test.ui.DashboardTest@3ce3db41</td></tr>
<tr>
<td title='com.ots.test.ui.DashboardTest.headerToggleIconTestbeforeClick()'><b>headerToggleIconTestbeforeClick</b><br>Test class: com.ots.test.ui.DashboardTest</td>
<td></td>
<td>12</td>
<td>com.ots.test.ui.DashboardTest@3ce3db41</td></tr>
<tr>
<td title='com.ots.test.ui.LoginTest.inValidUserNameAndValidPassword()'><b>inValidUserNameAndValidPassword</b><br>Test class: com.ots.test.ui.LoginTest</td>
<td></td>
<td>14</td>
<td>com.ots.test.ui.LoginTest@77602954</td></tr>
<tr>
<td title='com.ots.test.ui.LoginTest.invalidUserNameAndEmptyPassword()'><b>invalidUserNameAndEmptyPassword</b><br>Test class: com.ots.test.ui.LoginTest</td>
<td></td>
<td>13</td>
<td>com.ots.test.ui.LoginTest@77602954</td></tr>
<tr>
<td title='com.ots.test.ui.LoginTest.invalidUserNameAndPassword()'><b>invalidUserNameAndPassword</b><br>Test class: com.ots.test.ui.LoginTest</td>
<td></td>
<td>14</td>
<td>com.ots.test.ui.LoginTest@77602954</td></tr>
<tr>
<td title='com.ots.test.ui.LoginTest.invalidUserNameInScanId()'><b>invalidUserNameInScanId</b><br>Test class: com.ots.test.ui.LoginTest</td>
<td></td>
<td>11</td>
<td>com.ots.test.ui.LoginTest@77602954</td></tr>
<tr>
<td title='com.ots.test.ui.LoginTest.invalidpaswordInScanId()'><b>invalidpaswordInScanId</b><br>Test class: com.ots.test.ui.LoginTest</td>
<td></td>
<td>10</td>
<td>com.ots.test.ui.LoginTest@77602954</td></tr>
<tr>
<td title='com.ots.test.ui.OTSByDateTest.jobCompletedTest()'><b>jobCompletedTest</b><br>Test class: com.ots.test.ui.OTSByDateTest</td>
<td></td>
<td>6</td>
<td>com.ots.test.ui.OTSByDateTest@38f57b3d</td></tr>
<tr>
<td title='com.ots.test.ui.OTSByDateTest.jobQueuedTest()'><b>jobQueuedTest</b><br>Test class: com.ots.test.ui.OTSByDateTest</td>
<td></td>
<td>3</td>
<td>com.ots.test.ui.OTSByDateTest@38f57b3d</td></tr>
<tr>
<td title='com.ots.test.ui.DashboardTest.landingWelcomePage()'><b>landingWelcomePage</b><br>Test class: com.ots.test.ui.DashboardTest</td>
<td></td>
<td>10</td>
<td>com.ots.test.ui.DashboardTest@3ce3db41</td></tr>
<tr>
<td title='com.ots.test.ui.OTSByDateTest.logOut()'><b>logOut</b><br>Test class: com.ots.test.ui.OTSByDateTest</td>
<td></td>
<td>13</td>
<td>com.ots.test.ui.OTSByDateTest@38f57b3d</td></tr>
<tr>
<td title='com.ots.test.api.OTSApiTest.login()'><b>login</b><br>Test class: com.ots.test.api.OTSApiTest</td>
<td></td>
<td>6</td>
<td>com.ots.test.api.OTSApiTest@51850751</td></tr>
<tr>
<td title='com.ots.test.ui.NegativeLoginTest.login()'><b>login</b><br>Test class: com.ots.test.ui.NegativeLoginTest</td>
<td></td>
<td>15</td>
<td>com.ots.test.ui.NegativeLoginTest@e260766</td></tr>
<tr>
<td title='com.ots.test.ui.DashboardTest.login()'><b>login</b><br>Test class: com.ots.test.ui.DashboardTest</td>
<td></td>
<td>16</td>
<td>com.ots.test.ui.DashboardTest@3ce3db41</td></tr>
<tr>
<td title='com.ots.test.ui.LoginTest.loginComponentsWithScanIdIsFalse()'><b>loginComponentsWithScanIdIsFalse</b><br>Test class: com.ots.test.ui.LoginTest</td>
<td></td>
<td>8</td>
<td>com.ots.test.ui.LoginTest@77602954</td></tr>
<tr>
<td title='com.ots.test.ui.LoginTest.loginComponentsWithScanIsTrue()'><b>loginComponentsWithScanIsTrue</b><br>Test class: com.ots.test.ui.LoginTest</td>
<td></td>
<td>25</td>
<td>com.ots.test.ui.LoginTest@77602954</td></tr>
<tr>
<td title='com.ots.test.ui.LoginTest.loginEmptyUserNameAndValidPassword()'><b>loginEmptyUserNameAndValidPassword</b><br>Test class: com.ots.test.ui.LoginTest</td>
<td></td>
<td>19</td>
<td>com.ots.test.ui.LoginTest@77602954</td></tr>
<tr>
<td title='com.ots.test.ui.LoginTest.loginWithEmptyDetails()'><b>loginWithEmptyDetails</b><br>Test class: com.ots.test.ui.LoginTest</td>
<td></td>
<td>11</td>
<td>com.ots.test.ui.LoginTest@77602954</td></tr>
<tr>
<td title='com.ots.test.ui.LoginTest.loginWithValidUserNameAndEmptyPassword()'><b>loginWithValidUserNameAndEmptyPassword</b><br>Test class: com.ots.test.ui.LoginTest</td>
<td></td>
<td>13</td>
<td>com.ots.test.ui.LoginTest@77602954</td></tr>
<tr>
<td title='com.ots.test.ui.LoginTest.loginWithValidUserNameAndInvalidPassword()'><b>loginWithValidUserNameAndInvalidPassword</b><br>Test class: com.ots.test.ui.LoginTest</td>
<td></td>
<td>13</td>
<td>com.ots.test.ui.LoginTest@77602954</td></tr>
<tr>
<td title='com.ots.test.ui.OtsEnhancement.logoutForFullyQualifiedURL()'><b>logoutForFullyQualifiedURL</b><br>Test class: com.ots.test.ui.OtsEnhancement</td>
<td></td>
<td>7</td>
<td>com.ots.test.ui.OtsEnhancement@64df9a61</td></tr>
<tr>
<td title='com.ots.test.ui.OTSByDateTest.navigateToOTSbyDate()'><b>navigateToOTSbyDate</b><br>Test class: com.ots.test.ui.OTSByDateTest</td>
<td></td>
<td>9</td>
<td>com.ots.test.ui.OTSByDateTest@38f57b3d</td></tr>
<tr>
<td title='com.ots.test.ui.OTSByDateTest.notificationHeaderTest()'><b>notificationHeaderTest</b><br>Test class: com.ots.test.ui.OTSByDateTest</td>
<td></td>
<td>11</td>
<td>com.ots.test.ui.OTSByDateTest@38f57b3d</td></tr>
<tr>
<td title='com.ots.test.ui.OTSByDateTest.otsBySizeTest()'><b>otsBySizeTest</b><br>Test class: com.ots.test.ui.OTSByDateTest</td>
<td></td>
<td>8</td>
<td>com.ots.test.ui.OTSByDateTest@38f57b3d</td></tr>
<tr>
<td title='com.ots.test.ui.OTSByDateTest.otsBySizeText()'><b>otsBySizeText</b><br>Test class: com.ots.test.ui.OTSByDateTest</td>
<td></td>
<td>5</td>
<td>com.ots.test.ui.OTSByDateTest@38f57b3d</td></tr>
<tr>
<td title='com.ots.test.ui.OTSByDateTest.otsCalculationLableNameTest()'><b>otsCalculationLableNameTest</b><br>Test class: com.ots.test.ui.OTSByDateTest</td>
<td></td>
<td>21</td>
<td>com.ots.test.ui.OTSByDateTest@38f57b3d</td></tr>
<tr>
<td title='com.ots.test.ui.NegativeLoginTest.otsDateAddDateFieldFutureDayTest()'><b>otsDateAddDateFieldFutureDayTest</b><br>Test class: com.ots.test.ui.NegativeLoginTest</td>
<td></td>
<td>15</td>
<td>com.ots.test.ui.NegativeLoginTest@e260766</td></tr>
<tr>
<td title='com.ots.test.ui.OTSByDateTest.otsDateDatePickerTest()'><b>otsDateDatePickerTest</b><br>Test class: com.ots.test.ui.OTSByDateTest</td>
<td></td>
<td>9</td>
<td>com.ots.test.ui.OTSByDateTest@38f57b3d</td></tr>
<tr>
<td title='com.ots.test.ui.NegativeLoginTest.otsDatePastDateErrorText()'><b>otsDatePastDateErrorText</b><br>Test class: com.ots.test.ui.NegativeLoginTest</td>
<td></td>
<td>6</td>
<td>com.ots.test.ui.NegativeLoginTest@e260766</td></tr>
<tr>
<td title='com.ots.test.ui.NegativeLoginTest.otsDatePastDateTest()'><b>otsDatePastDateTest</b><br>Test class: com.ots.test.ui.NegativeLoginTest</td>
<td></td>
<td>12</td>
<td>com.ots.test.ui.NegativeLoginTest@e260766</td></tr>
<tr>
<td title='com.ots.test.ui.NegativeLoginTest.otsDateTestCheckEmptyDate()'><b>otsDateTestCheckEmptyDate</b><br>Test class: com.ots.test.ui.NegativeLoginTest</td>
<td></td>
<td>40</td>
<td>com.ots.test.ui.NegativeLoginTest@e260766</td></tr>
<tr>
<td title='com.ots.test.ui.NegativeLoginTest.otsDatefutureDate()'><b>otsDatefutureDate</b><br>Test class: com.ots.test.ui.NegativeLoginTest</td>
<td></td>
<td>23</td>
<td>com.ots.test.ui.NegativeLoginTest@e260766</td></tr>
<tr>
<td title='com.ots.test.ui.DashboardTest.profileIconTestBeforeClick()'><b>profileIconTestBeforeClick</b><br>Test class: com.ots.test.ui.DashboardTest</td>
<td></td>
<td>7</td>
<td>com.ots.test.ui.DashboardTest@3ce3db41</td></tr>
<tr>
<td title='com.ots.test.ui.DashboardTest.profileName()'><b>profileName</b><br>Test class: com.ots.test.ui.DashboardTest</td>
<td></td>
<td>4</td>
<td>com.ots.test.ui.DashboardTest@3ce3db41</td></tr>
<tr>
<td title='com.ots.test.ui.OtsEnhancement.refreshesTheApplicationForFullyQualifiedURL()'><b>refreshesTheApplicationForFullyQualifiedURL</b><br>Test class: com.ots.test.ui.OtsEnhancement</td>
<td></td>
<td>6</td>
<td>com.ots.test.ui.OtsEnhancement@64df9a61</td></tr>
<tr>
<td title='com.ots.test.ui.OTSByDateTest.runReportDisplayStockTest()'><b>runReportDisplayStockTest</b><br>Test class: com.ots.test.ui.OTSByDateTest</td>
<td></td>
<td>9</td>
<td>com.ots.test.ui.OTSByDateTest@38f57b3d</td></tr>
<tr>
<td title='com.ots.test.ui.OTSByDateTest.runReportEnableTest()'><b>runReportEnableTest</b><br>Test class: com.ots.test.ui.OTSByDateTest</td>
<td></td>
<td>9</td>
<td>com.ots.test.ui.OTSByDateTest@38f57b3d</td></tr>
<tr>
<td title='com.ots.test.ui.OTSByDateTest.runReportTest()'><b>runReportTest</b><br>Test class: com.ots.test.ui.OTSByDateTest</td>
<td></td>
<td>3</td>
<td>com.ots.test.ui.OTSByDateTest@38f57b3d</td></tr>
<tr>
<td title='com.ots.test.ui.NegativeLoginTest.runReportWithEmptyDate()'><b>runReportWithEmptyDate</b><br>Test class: com.ots.test.ui.NegativeLoginTest</td>
<td></td>
<td>15</td>
<td>com.ots.test.ui.NegativeLoginTest@e260766</td></tr>
<tr>
<td title='com.ots.test.api.OTSApiTest.securityCodeAndZone()'><b>securityCodeAndZone</b><br>Test class: com.ots.test.api.OTSApiTest</td>
<td></td>
<td>3</td>
<td>com.ots.test.api.OTSApiTest@51850751</td></tr>
<tr>
<td title='com.ots.test.ui.DashboardTest.sideBarLogoTest()'><b>sideBarLogoTest</b><br>Test class: com.ots.test.ui.DashboardTest</td>
<td></td>
<td>6</td>
<td>com.ots.test.ui.DashboardTest@3ce3db41</td></tr>
<tr>
<td title='com.ots.test.ui.OtsEnhancement.sideBarMainMenuForFullyQualifiedURL()'><b>sideBarMainMenuForFullyQualifiedURL</b><br>Test class: com.ots.test.ui.OtsEnhancement</td>
<td></td>
<td>14</td>
<td>com.ots.test.ui.OtsEnhancement@64df9a61</td></tr>
<tr>
<td title='com.ots.test.ui.OtsEnhancement.sideBarSubMenuForFullyQualifiedURL()'><b>sideBarSubMenuForFullyQualifiedURL</b><br>Test class: com.ots.test.ui.OtsEnhancement</td>
<td></td>
<td>12</td>
<td>com.ots.test.ui.OtsEnhancement@64df9a61</td></tr>
<tr>
<td title='com.ots.test.ui.OTSByDateTest.sidebarMenuOptionAndLogoTest()'><b>sidebarMenuOptionAndLogoTest</b><br>Test class: com.ots.test.ui.OTSByDateTest</td>
<td></td>
<td>17</td>
<td>com.ots.test.ui.OTSByDateTest@38f57b3d</td></tr>
<tr>
<td title='com.ots.test.ui.OTSByDateTest.sidebarMinimizer()'><b>sidebarMinimizer</b><br>Test class: com.ots.test.ui.OTSByDateTest</td>
<td></td>
<td>6</td>
<td>com.ots.test.ui.OTSByDateTest@38f57b3d</td></tr>
<tr>
<td title='com.ots.test.ui.OTSByDateTest.sidebarMinimizerTest()'><b>sidebarMinimizerTest</b><br>Test class: com.ots.test.ui.OTSByDateTest</td>
<td></td>
<td>6</td>
<td>com.ots.test.ui.OTSByDateTest@38f57b3d</td></tr>
<tr>
<td title='com.ots.test.ui.OTSByDateTest.sidebarMinimizercssTest()'><b>sidebarMinimizercssTest</b><br>Test class: com.ots.test.ui.OTSByDateTest</td>
<td></td>
<td>6</td>
<td>com.ots.test.ui.OTSByDateTest@38f57b3d</td></tr>
<tr>
<td title='com.ots.test.ui.OTSByDateTest.tagAllAndUnTagTest()'><b>tagAllAndUnTagTest</b><br>Test class: com.ots.test.ui.OTSByDateTest</td>
<td></td>
<td>12</td>
<td>com.ots.test.ui.OTSByDateTest@38f57b3d</td></tr>
<tr>
<td title='com.ots.test.ui.DashboardTest.themeIconTestAfterClick()'><b>themeIconTestAfterClick</b><br>Test class: com.ots.test.ui.DashboardTest</td>
<td></td>
<td>6</td>
<td>com.ots.test.ui.DashboardTest@3ce3db41</td></tr>
<tr>
<td title='com.ots.test.ui.DashboardTest.themeIconTestbeforeClick()'><b>themeIconTestbeforeClick</b><br>Test class: com.ots.test.ui.DashboardTest</td>
<td></td>
<td>6</td>
<td>com.ots.test.ui.DashboardTest@3ce3db41</td></tr>
<tr>
<td title='com.ots.test.ui.OtsEnhancement.topBarTest()'><b>topBarTest</b><br>Test class: com.ots.test.ui.OtsEnhancement</td>
<td></td>
<td>45</td>
<td>com.ots.test.ui.OtsEnhancement@64df9a61</td></tr>
<tr>
<td title='com.ots.test.ui.OtsEnhancement.topBarTestWithOtsCalculation()'><b>topBarTestWithOtsCalculation</b><br>Test class: com.ots.test.ui.OtsEnhancement</td>
<td></td>
<td>15</td>
<td>com.ots.test.ui.OtsEnhancement@64df9a61</td></tr>
<tr>
<td title='com.ots.test.ui.OtsEnhancement.topBarWithDisplayStock()'><b>topBarWithDisplayStock</b><br>Test class: com.ots.test.ui.OtsEnhancement</td>
<td></td>
<td>9</td>
<td>com.ots.test.ui.OtsEnhancement@64df9a61</td></tr>
<tr>
<td title='com.ots.test.ui.OtsEnhancement.topBarWithOtsDate()'><b>topBarWithOtsDate</b><br>Test class: com.ots.test.ui.OtsEnhancement</td>
<td></td>
<td>18</td>
<td>com.ots.test.ui.OtsEnhancement@64df9a61</td></tr>
<tr>
<td title='com.ots.test.ui.LoginTest.validScanID()'><b>validScanID</b><br>Test class: com.ots.test.ui.LoginTest</td>
<td></td>
<td>16</td>
<td>com.ots.test.ui.LoginTest@77602954</td></tr>
<tr>
<td title='com.ots.test.ui.OTSByDateTest.wareHouseDisplayStockTest()'><b>wareHouseDisplayStockTest</b><br>Test class: com.ots.test.ui.OTSByDateTest</td>
<td></td>
<td>6</td>
<td>com.ots.test.ui.OTSByDateTest@38f57b3d</td></tr>
<tr>
<td title='com.ots.test.ui.OTSByDateTest.wareHouseTest()'><b>wareHouseTest</b><br>Test class: com.ots.test.ui.OTSByDateTest</td>
<td></td>
<td>3</td>
<td>com.ots.test.ui.OTSByDateTest@38f57b3d</td></tr>
<tr>
<td title='com.ots.test.ui.OTSByDateTest.wareHouseTestAllWarehouseText()'><b>wareHouseTestAllWarehouseText</b><br>Test class: com.ots.test.ui.OTSByDateTest</td>
<td></td>
<td>5</td>
<td>com.ots.test.ui.OTSByDateTest@38f57b3d</td></tr>
<tr>
<td title='com.ots.test.ui.OTSByDateTest.warehousesTest()'><b>warehousesTest</b><br>Test class: com.ots.test.ui.OTSByDateTest</td>
<td></td>
<td>3</td>
<td>com.ots.test.ui.OTSByDateTest@38f57b3d</td></tr>
<tr>
<td title='com.ots.test.ui.LoginTest.withoutSemicolonScanIdValidation()'><b>withoutSemicolonScanIdValidation</b><br>Test class: com.ots.test.ui.LoginTest</td>
<td></td>
<td>10</td>
<td>com.ots.test.ui.LoginTest@77602954</td></tr>
<tr>
<td title='com.ots.test.ui.OtsEnhancement.wmsSubComponentcaseSensitiveTest()'><b>wmsSubComponentcaseSensitiveTest</b><br>Test class: com.ots.test.ui.OtsEnhancement</td>
<td></td>
<td>12</td>
<td>com.ots.test.ui.OtsEnhancement@64df9a61</td></tr>
<tr>
<td title='com.ots.test.ui.OtsEnhancement.wrongURLendPointFOrMainMenuEndPoint()'><b>wrongURLendPointFOrMainMenuEndPoint</b><br>Test class: com.ots.test.ui.OtsEnhancement</td>
<td></td>
<td>13</td>
<td>com.ots.test.ui.OtsEnhancement@64df9a61</td></tr>
<tr>
<td title='com.ots.test.ui.OtsEnhancement.wrongURLendPointFOrSubMenuEndPoint()'><b>wrongURLendPointFOrSubMenuEndPoint</b><br>Test class: com.ots.test.ui.OtsEnhancement</td>
<td></td>
<td>13</td>
<td>com.ots.test.ui.OtsEnhancement@64df9a61</td></tr>
</table><p>
<table width='100%' border='1' class='invocation-skipped'>
<tr><td colspan='4' align='center'><b>SKIPPED TESTS</b></td></tr>
<tr><td><b>Test method</b></td>
<td width="30%"><b>Exception</b></td>
<td width="10%"><b>Time (seconds)</b></td>
<td><b>Instance</b></td>
</tr>
<tr>
<td title='com.ots.test.ui.DashboardTest.NavigateToDashboard()'><b>NavigateToDashboard</b><br>Test class: com.ots.test.ui.DashboardTest</td>
<td><div><pre>java.lang.Throwable: Method DashboardTest.NavigateToDashboard()[pri:16, instance:com.ots.test.ui.DashboardTest@3ce3db41] depends on not successfully finished methods
	at java.base/java.util.concurrent.ThreadPoolExecutor.runWorker(ThreadPoolExecutor.java:1136)
	at java.base/java.util.concurrent.ThreadPoolExecutor$Worker.run(ThreadPoolExecutor.java:635)
	at java.base/java.lang.Thread.run(Thread.java:833)
... Removed 3 stack frames</pre></div><a href='#' onClick='toggleBox("stack-trace1000772881", this, "Click to show all stack frames", "Click to hide stack frames")'>Click to show all stack frames</a>
<div class='stack-trace' id='stack-trace1000772881'><pre>java.lang.Throwable: Method DashboardTest.NavigateToDashboard()[pri:16, instance:com.ots.test.ui.DashboardTest@3ce3db41] depends on not successfully finished methods
	at org.testng.internal.TestInvoker.invokeTestMethods(TestInvoker.java:99)
	at org.testng.internal.TestMethodWorker.invokeTestMethods(TestMethodWorker.java:146)
	at org.testng.internal.TestMethodWorker.run(TestMethodWorker.java:128)
	at java.base/java.util.concurrent.ThreadPoolExecutor.runWorker(ThreadPoolExecutor.java:1136)
	at java.base/java.util.concurrent.ThreadPoolExecutor$Worker.run(ThreadPoolExecutor.java:635)
	at java.base/java.lang.Thread.run(Thread.java:833)
</pre></div></td>
<td>0</td>
<td>com.ots.test.ui.DashboardTest@3ce3db41</td></tr>
<tr>
<td title='com.ots.test.ui.DashboardTest.NavigateToReports()'><b>NavigateToReports</b><br>Test class: com.ots.test.ui.DashboardTest</td>
<td><div><pre>java.lang.Throwable: Method DashboardTest.NavigateToReports()[pri:17, instance:com.ots.test.ui.DashboardTest@3ce3db41] depends on not successfully finished methods
	at java.base/java.util.concurrent.ThreadPoolExecutor.runWorker(ThreadPoolExecutor.java:1136)
	at java.base/java.util.concurrent.ThreadPoolExecutor$Worker.run(ThreadPoolExecutor.java:635)
	at java.base/java.lang.Thread.run(Thread.java:833)
... Removed 3 stack frames</pre></div><a href='#' onClick='toggleBox("stack-trace656206113", this, "Click to show all stack frames", "Click to hide stack frames")'>Click to show all stack frames</a>
<div class='stack-trace' id='stack-trace656206113'><pre>java.lang.Throwable: Method DashboardTest.NavigateToReports()[pri:17, instance:com.ots.test.ui.DashboardTest@3ce3db41] depends on not successfully finished methods
	at org.testng.internal.TestInvoker.invokeTestMethods(TestInvoker.java:99)
	at org.testng.internal.TestMethodWorker.invokeTestMethods(TestMethodWorker.java:146)
	at org.testng.internal.TestMethodWorker.run(TestMethodWorker.java:128)
	at java.base/java.util.concurrent.ThreadPoolExecutor.runWorker(ThreadPoolExecutor.java:1136)
	at java.base/java.util.concurrent.ThreadPoolExecutor$Worker.run(ThreadPoolExecutor.java:635)
	at java.base/java.lang.Thread.run(Thread.java:833)
</pre></div></td>
<td>0</td>
<td>com.ots.test.ui.DashboardTest@3ce3db41</td></tr>
<tr>
<td title='com.ots.test.ui.DashboardTest.bellIconAfterClickCSS()'><b>bellIconAfterClickCSS</b><br>Test class: com.ots.test.ui.DashboardTest</td>
<td><div><pre>java.lang.Throwable: Method DashboardTest.bellIconAfterClickCSS()[pri:12, instance:com.ots.test.ui.DashboardTest@3ce3db41] depends on not successfully finished methods
	at java.base/java.util.concurrent.ThreadPoolExecutor.runWorker(ThreadPoolExecutor.java:1136)
	at java.base/java.util.concurrent.ThreadPoolExecutor$Worker.run(ThreadPoolExecutor.java:635)
	at java.base/java.lang.Thread.run(Thread.java:833)
... Removed 3 stack frames</pre></div><a href='#' onClick='toggleBox("stack-trace1466784446", this, "Click to show all stack frames", "Click to hide stack frames")'>Click to show all stack frames</a>
<div class='stack-trace' id='stack-trace1466784446'><pre>java.lang.Throwable: Method DashboardTest.bellIconAfterClickCSS()[pri:12, instance:com.ots.test.ui.DashboardTest@3ce3db41] depends on not successfully finished methods
	at org.testng.internal.TestInvoker.invokeTestMethods(TestInvoker.java:99)
	at org.testng.internal.TestMethodWorker.invokeTestMethods(TestMethodWorker.java:146)
	at org.testng.internal.TestMethodWorker.run(TestMethodWorker.java:128)
	at java.base/java.util.concurrent.ThreadPoolExecutor.runWorker(ThreadPoolExecutor.java:1136)
	at java.base/java.util.concurrent.ThreadPoolExecutor$Worker.run(ThreadPoolExecutor.java:635)
	at java.base/java.lang.Thread.run(Thread.java:833)
</pre></div></td>
<td>0</td>
<td>com.ots.test.ui.DashboardTest@3ce3db41</td></tr>
<tr>
<td title='com.ots.test.ui.DashboardTest.logOut()'><b>logOut</b><br>Test class: com.ots.test.ui.DashboardTest</td>
<td><div><pre>java.lang.Throwable: Method DashboardTest.logOut()[pri:18, instance:com.ots.test.ui.DashboardTest@3ce3db41] depends on not successfully finished methods
	at java.base/java.util.concurrent.ThreadPoolExecutor.runWorker(ThreadPoolExecutor.java:1136)
	at java.base/java.util.concurrent.ThreadPoolExecutor$Worker.run(ThreadPoolExecutor.java:635)
	at java.base/java.lang.Thread.run(Thread.java:833)
... Removed 3 stack frames</pre></div><a href='#' onClick='toggleBox("stack-trace1724533329", this, "Click to show all stack frames", "Click to hide stack frames")'>Click to show all stack frames</a>
<div class='stack-trace' id='stack-trace1724533329'><pre>java.lang.Throwable: Method DashboardTest.logOut()[pri:18, instance:com.ots.test.ui.DashboardTest@3ce3db41] depends on not successfully finished methods
	at org.testng.internal.TestInvoker.invokeTestMethods(TestInvoker.java:99)
	at org.testng.internal.TestMethodWorker.invokeTestMethods(TestMethodWorker.java:146)
	at org.testng.internal.TestMethodWorker.run(TestMethodWorker.java:128)
	at java.base/java.util.concurrent.ThreadPoolExecutor.runWorker(ThreadPoolExecutor.java:1136)
	at java.base/java.util.concurrent.ThreadPoolExecutor$Worker.run(ThreadPoolExecutor.java:635)
	at java.base/java.lang.Thread.run(Thread.java:833)
</pre></div></td>
<td>0</td>
<td>com.ots.test.ui.DashboardTest@3ce3db41</td></tr>
<tr>
<td title='com.ots.test.ui.NegativeLoginTest.otsDatePresentDate()'><b>otsDatePresentDate</b><br>Test class: com.ots.test.ui.NegativeLoginTest</td>
<td><div><pre>java.lang.Throwable: Method NegativeLoginTest.otsDatePresentDate()[pri:10, instance:com.ots.test.ui.NegativeLoginTest@e260766] depends on not successfully finished methods
	at java.base/java.util.concurrent.ThreadPoolExecutor.runWorker(ThreadPoolExecutor.java:1136)
	at java.base/java.util.concurrent.ThreadPoolExecutor$Worker.run(ThreadPoolExecutor.java:635)
	at java.base/java.lang.Thread.run(Thread.java:833)
... Removed 3 stack frames</pre></div><a href='#' onClick='toggleBox("stack-trace1244963867", this, "Click to show all stack frames", "Click to hide stack frames")'>Click to show all stack frames</a>
<div class='stack-trace' id='stack-trace1244963867'><pre>java.lang.Throwable: Method NegativeLoginTest.otsDatePresentDate()[pri:10, instance:com.ots.test.ui.NegativeLoginTest@e260766] depends on not successfully finished methods
	at org.testng.internal.TestInvoker.invokeTestMethods(TestInvoker.java:99)
	at org.testng.internal.TestMethodWorker.invokeTestMethods(TestMethodWorker.java:146)
	at org.testng.internal.TestMethodWorker.run(TestMethodWorker.java:128)
	at java.base/java.util.concurrent.ThreadPoolExecutor.runWorker(ThreadPoolExecutor.java:1136)
	at java.base/java.util.concurrent.ThreadPoolExecutor$Worker.run(ThreadPoolExecutor.java:635)
	at java.base/java.lang.Thread.run(Thread.java:833)
</pre></div></td>
<td>0</td>
<td>com.ots.test.ui.NegativeLoginTest@e260766</td></tr>
<tr>
<td title='com.ots.test.ui.NegativeLoginTest.runReportDateNoOption()'><b>runReportDateNoOption</b><br>Test class: com.ots.test.ui.NegativeLoginTest</td>
<td><div><pre>java.lang.Throwable: Method NegativeLoginTest.runReportDateNoOption()[pri:15, instance:com.ots.test.ui.NegativeLoginTest@e260766] depends on not successfully finished methods
	at java.base/java.util.concurrent.ThreadPoolExecutor.runWorker(ThreadPoolExecutor.java:1136)
	at java.base/java.util.concurrent.ThreadPoolExecutor$Worker.run(ThreadPoolExecutor.java:635)
	at java.base/java.lang.Thread.run(Thread.java:833)
... Removed 3 stack frames</pre></div><a href='#' onClick='toggleBox("stack-trace258711295", this, "Click to show all stack frames", "Click to hide stack frames")'>Click to show all stack frames</a>
<div class='stack-trace' id='stack-trace258711295'><pre>java.lang.Throwable: Method NegativeLoginTest.runReportDateNoOption()[pri:15, instance:com.ots.test.ui.NegativeLoginTest@e260766] depends on not successfully finished methods
	at org.testng.internal.TestInvoker.invokeTestMethods(TestInvoker.java:99)
	at org.testng.internal.TestMethodWorker.invokeTestMethods(TestMethodWorker.java:146)
	at org.testng.internal.TestMethodWorker.run(TestMethodWorker.java:128)
	at java.base/java.util.concurrent.ThreadPoolExecutor.runWorker(ThreadPoolExecutor.java:1136)
	at java.base/java.util.concurrent.ThreadPoolExecutor$Worker.run(ThreadPoolExecutor.java:635)
	at java.base/java.lang.Thread.run(Thread.java:833)
</pre></div></td>
<td>0</td>
<td>com.ots.test.ui.NegativeLoginTest@e260766</td></tr>
<tr>
<td title='com.ots.test.ui.NegativeLoginTest.runReportDatePresentDate()'><b>runReportDatePresentDate</b><br>Test class: com.ots.test.ui.NegativeLoginTest</td>
<td><div><pre>java.lang.Throwable: Method NegativeLoginTest.runReportDatePresentDate()[pri:14, instance:com.ots.test.ui.NegativeLoginTest@e260766] depends on not successfully finished methods
	at java.base/java.util.concurrent.ThreadPoolExecutor.runWorker(ThreadPoolExecutor.java:1136)
	at java.base/java.util.concurrent.ThreadPoolExecutor$Worker.run(ThreadPoolExecutor.java:635)
	at java.base/java.lang.Thread.run(Thread.java:833)
... Removed 3 stack frames</pre></div><a href='#' onClick='toggleBox("stack-trace1118537619", this, "Click to show all stack frames", "Click to hide stack frames")'>Click to show all stack frames</a>
<div class='stack-trace' id='stack-trace1118537619'><pre>java.lang.Throwable: Method NegativeLoginTest.runReportDatePresentDate()[pri:14, instance:com.ots.test.ui.NegativeLoginTest@e260766] depends on not successfully finished methods
	at org.testng.internal.TestInvoker.invokeTestMethods(TestInvoker.java:99)
	at org.testng.internal.TestMethodWorker.invokeTestMethods(TestMethodWorker.java:146)
	at org.testng.internal.TestMethodWorker.run(TestMethodWorker.java:128)
	at java.base/java.util.concurrent.ThreadPoolExecutor.runWorker(ThreadPoolExecutor.java:1136)
	at java.base/java.util.concurrent.ThreadPoolExecutor$Worker.run(ThreadPoolExecutor.java:635)
	at java.base/java.lang.Thread.run(Thread.java:833)
</pre></div></td>
<td>0</td>
<td>com.ots.test.ui.NegativeLoginTest@e260766</td></tr>
<tr>
<td title='com.ots.test.ui.NegativeLoginTest.runReportWithPastDate()'><b>runReportWithPastDate</b><br>Test class: com.ots.test.ui.NegativeLoginTest</td>
<td><div><pre>java.lang.Throwable: Method NegativeLoginTest.runReportWithPastDate()[pri:12, instance:com.ots.test.ui.NegativeLoginTest@e260766] depends on not successfully finished methods
	at java.base/java.util.concurrent.ThreadPoolExecutor.runWorker(ThreadPoolExecutor.java:1136)
	at java.base/java.util.concurrent.ThreadPoolExecutor$Worker.run(ThreadPoolExecutor.java:635)
	at java.base/java.lang.Thread.run(Thread.java:833)
... Removed 3 stack frames</pre></div><a href='#' onClick='toggleBox("stack-trace1083737969", this, "Click to show all stack frames", "Click to hide stack frames")'>Click to show all stack frames</a>
<div class='stack-trace' id='stack-trace1083737969'><pre>java.lang.Throwable: Method NegativeLoginTest.runReportWithPastDate()[pri:12, instance:com.ots.test.ui.NegativeLoginTest@e260766] depends on not successfully finished methods
	at org.testng.internal.TestInvoker.invokeTestMethods(TestInvoker.java:99)
	at org.testng.internal.TestMethodWorker.invokeTestMethods(TestMethodWorker.java:146)
	at org.testng.internal.TestMethodWorker.run(TestMethodWorker.java:128)
	at java.base/java.util.concurrent.ThreadPoolExecutor.runWorker(ThreadPoolExecutor.java:1136)
	at java.base/java.util.concurrent.ThreadPoolExecutor$Worker.run(ThreadPoolExecutor.java:635)
	at java.base/java.lang.Thread.run(Thread.java:833)
</pre></div></td>
<td>0</td>
<td>com.ots.test.ui.NegativeLoginTest@e260766</td></tr>
<tr>
<td title='com.ots.test.ui.NegativeLoginTest.runReportWithPastDateField()'><b>runReportWithPastDateField</b><br>Test class: com.ots.test.ui.NegativeLoginTest</td>
<td><div><pre>java.lang.Throwable: Method NegativeLoginTest.runReportWithPastDateField()[pri:13, instance:com.ots.test.ui.NegativeLoginTest@e260766] depends on not successfully finished methods
	at java.base/java.util.concurrent.ThreadPoolExecutor.runWorker(ThreadPoolExecutor.java:1136)
	at java.base/java.util.concurrent.ThreadPoolExecutor$Worker.run(ThreadPoolExecutor.java:635)
	at java.base/java.lang.Thread.run(Thread.java:833)
... Removed 3 stack frames</pre></div><a href='#' onClick='toggleBox("stack-trace182497081", this, "Click to show all stack frames", "Click to hide stack frames")'>Click to show all stack frames</a>
<div class='stack-trace' id='stack-trace182497081'><pre>java.lang.Throwable: Method NegativeLoginTest.runReportWithPastDateField()[pri:13, instance:com.ots.test.ui.NegativeLoginTest@e260766] depends on not successfully finished methods
	at org.testng.internal.TestInvoker.invokeTestMethods(TestInvoker.java:99)
	at org.testng.internal.TestMethodWorker.invokeTestMethods(TestMethodWorker.java:146)
	at org.testng.internal.TestMethodWorker.run(TestMethodWorker.java:128)
	at java.base/java.util.concurrent.ThreadPoolExecutor.runWorker(ThreadPoolExecutor.java:1136)
	at java.base/java.util.concurrent.ThreadPoolExecutor$Worker.run(ThreadPoolExecutor.java:635)
	at java.base/java.lang.Thread.run(Thread.java:833)
</pre></div></td>
<td>0</td>
<td>com.ots.test.ui.NegativeLoginTest@e260766</td></tr>
<tr>
<td title='com.ots.test.ui.NegativeLoginTest.runReportWithSameDate()'><b>runReportWithSameDate</b><br>Test class: com.ots.test.ui.NegativeLoginTest</td>
<td><div><pre>java.lang.Throwable: Method NegativeLoginTest.runReportWithSameDate()[pri:11, instance:com.ots.test.ui.NegativeLoginTest@e260766] depends on not successfully finished methods
	at java.base/java.util.concurrent.ThreadPoolExecutor.runWorker(ThreadPoolExecutor.java:1136)
	at java.base/java.util.concurrent.ThreadPoolExecutor$Worker.run(ThreadPoolExecutor.java:635)
	at java.base/java.lang.Thread.run(Thread.java:833)
... Removed 3 stack frames</pre></div><a href='#' onClick='toggleBox("stack-trace1461652352", this, "Click to show all stack frames", "Click to hide stack frames")'>Click to show all stack frames</a>
<div class='stack-trace' id='stack-trace1461652352'><pre>java.lang.Throwable: Method NegativeLoginTest.runReportWithSameDate()[pri:11, instance:com.ots.test.ui.NegativeLoginTest@e260766] depends on not successfully finished methods
	at org.testng.internal.TestInvoker.invokeTestMethods(TestInvoker.java:99)
	at org.testng.internal.TestMethodWorker.invokeTestMethods(TestMethodWorker.java:146)
	at org.testng.internal.TestMethodWorker.run(TestMethodWorker.java:128)
	at java.base/java.util.concurrent.ThreadPoolExecutor.runWorker(ThreadPoolExecutor.java:1136)
	at java.base/java.util.concurrent.ThreadPoolExecutor$Worker.run(ThreadPoolExecutor.java:635)
	at java.base/java.lang.Thread.run(Thread.java:833)
</pre></div></td>
<td>0</td>
<td>com.ots.test.ui.NegativeLoginTest@e260766</td></tr>
</table><p>
</body>
</html>