<?xml version="1.0" encoding="UTF-8"?>
<!-- Generated by org.testng.reporters.JUnitXMLReporter -->
<testsuite ignored="7" hostname="Nexgen84" failures="7" tests="111" name="Test" time="438.529" errors="0" timestamp="2022-11-08T16:32:09 IST">
  <testcase classname="com.ots.test.ui.OtsEnhancement" name="@BeforeClass setup" time="1.454">
    <failure type="org.openqa.selenium.WebDriverException" message="Unable to parse remote response: Unknown error">
      <![CDATA[org.openqa.selenium.WebDriverException: Unable to parse remote response: Unknown error
at org.openqa.selenium.remote.ProtocolHandshake.createSession(ProtocolHandshake.java:115)
at org.openqa.selenium.remote.ProtocolHandshake.createSession(ProtocolHandshake.java:74)
at org.openqa.selenium.remote.HttpCommandExecutor.execute(HttpCommandExecutor.java:136)
at org.openqa.selenium.remote.service.DriverCommandExecutor.execute(DriverCommandExecutor.java:83)
at org.openqa.selenium.remote.RemoteWebDriver.execute(RemoteWebDriver.java:552)
at org.openqa.selenium.remote.RemoteWebDriver.startSession(RemoteWebDriver.java:213)
at org.openqa.selenium.remote.RemoteWebDriver.<init>(RemoteWebDriver.java:131)
at org.openqa.selenium.edge.EdgeDriver.<init>(EdgeDriver.java:141)
at org.openqa.selenium.edge.EdgeDriver.<init>(EdgeDriver.java:96)
at com.ots.test.ui.common.utils.UITestSeleniumHelper.openBrowser(UITestSeleniumHelper.java:160)
at com.ots.test.ui.OtsEnhancement.setup(OtsEnhancement.java:53)
at java.base/java.util.concurrent.ThreadPoolExecutor.runWorker(ThreadPoolExecutor.java:1136)
at java.base/java.util.concurrent.ThreadPoolExecutor$Worker.run(ThreadPoolExecutor.java:635)
at java.base/java.lang.Thread.run(Thread.java:833)
Caused by: org.openqa.selenium.json.JsonException: Unable to determine type from: U. Last 1 characters read: U
Build info: version: '3.141.59', revision: 'e82be7d358', time: '2018-11-14T08:17:03'
System info: host: 'NEXGEN84', ip: '192.168.1.167', os.name: 'Windows 11', os.arch: 'amd64', os.version: '10.0', java.version: '17.0.4.1'
Driver info: driver.version: EdgeDriver
at org.openqa.selenium.json.JsonInput.peek(JsonInput.java:122)
at org.openqa.selenium.json.JsonTypeCoercer.lambda$null$6(JsonTypeCoercer.java:140)
at org.openqa.selenium.json.JsonTypeCoercer.coerce(JsonTypeCoercer.java:126)
at org.openqa.selenium.json.Json.toType(Json.java:69)
at org.openqa.selenium.json.Json.toType(Json.java:55)
at org.openqa.selenium.json.Json.toType(Json.java:50)
at org.openqa.selenium.remote.ProtocolHandshake.createSession(ProtocolHandshake.java:112)
... 23 more
... Removed 10 stack frames]]>
    </failure>
  </testcase> <!-- @BeforeClass setup -->
  <testcase classname="com.ots.test.ui.OtsEnhancement" name="@BeforeMethod beforeMethod" time="-1.66790489227E9">
    <skipped/>
  </testcase> <!-- @BeforeMethod beforeMethod -->
  <testcase classname="com.ots.test.ui.OtsEnhancement" name="@BeforeMethod beforeMethod" time="-1.667904892279E9">
    <skipped/>
  </testcase> <!-- @BeforeMethod beforeMethod -->
  <testcase classname="com.ots.test.ui.OtsEnhancement" name="@BeforeMethod beforeMethod" time="-1.667904892303E9">
    <skipped/>
  </testcase> <!-- @BeforeMethod beforeMethod -->
  <testcase classname="com.ots.test.ui.OtsEnhancement" name="@BeforeMethod beforeMethod" time="-1.667904892315E9">
    <skipped/>
  </testcase> <!-- @BeforeMethod beforeMethod -->
  <testcase classname="com.ots.test.ui.OtsEnhancement" name="@BeforeMethod beforeMethod" time="-1.667904892332E9">
    <skipped/>
  </testcase> <!-- @BeforeMethod beforeMethod -->
  <testcase classname="com.ots.test.ui.OtsEnhancement" name="@BeforeMethod beforeMethod" time="-1.66790489235E9">
    <skipped/>
  </testcase> <!-- @BeforeMethod beforeMethod -->
  <testcase classname="com.ots.test.ui.OtsEnhancement" name="@BeforeMethod beforeMethod" time="-1.667904892357E9">
    <skipped/>
  </testcase> <!-- @BeforeMethod beforeMethod -->
  <testcase classname="com.ots.test.ui.OtsEnhancement" name="@BeforeMethod beforeMethod" time="-1.667904892365E9">
    <skipped/>
  </testcase> <!-- @BeforeMethod beforeMethod -->
  <testcase classname="com.ots.test.ui.OtsEnhancement" name="@BeforeMethod beforeMethod" time="-1.667904892382E9">
    <skipped/>
  </testcase> <!-- @BeforeMethod beforeMethod -->
  <testcase classname="com.ots.test.ui.OtsEnhancement" name="@BeforeMethod beforeMethod" time="-1.667904892405E9">
    <skipped/>
  </testcase> <!-- @BeforeMethod beforeMethod -->
  <testcase classname="com.ots.test.ui.OtsEnhancement" name="@BeforeMethod beforeMethod" time="-1.667904892422E9">
    <skipped/>
  </testcase> <!-- @BeforeMethod beforeMethod -->
  <testcase classname="com.ots.test.ui.OtsEnhancement" name="@BeforeMethod beforeMethod" time="-1.667904892434E9">
    <skipped/>
  </testcase> <!-- @BeforeMethod beforeMethod -->
  <testcase classname="com.ots.test.ui.OtsEnhancement" name="@AfterClass unsetUp" time="-1.667904892451E9">
    <skipped/>
  </testcase> <!-- @AfterClass unsetUp -->
  <testcase classname="com.ots.test.ui.OtsEnhancement" name="topBarTest" time="0.0">
    <skipped/>
  </testcase> <!-- topBarTest -->
  <testcase classname="com.ots.test.ui.OtsEnhancement" name="topBarTestWithOtsCalculation" time="0.0">
    <skipped/>
  </testcase> <!-- topBarTestWithOtsCalculation -->
  <testcase classname="com.ots.test.ui.OtsEnhancement" name="topBarWithOtsDate" time="0.0">
    <skipped/>
  </testcase> <!-- topBarWithOtsDate -->
  <testcase classname="com.ots.test.ui.OtsEnhancement" name="topBarWithDisplayStock" time="0.0">
    <skipped/>
  </testcase> <!-- topBarWithDisplayStock -->
  <testcase classname="com.ots.test.ui.OtsEnhancement" name="baseURL" time="0.0">
    <skipped/>
  </testcase> <!-- baseURL -->
  <testcase classname="com.ots.test.ui.OtsEnhancement" name="sideBarMainMenuForFullyQualifiedURL" time="0.0">
    <skipped/>
  </testcase> <!-- sideBarMainMenuForFullyQualifiedURL -->
  <testcase classname="com.ots.test.ui.OtsEnhancement" name="sideBarSubMenuForFullyQualifiedURL" time="0.0">
    <skipped/>
  </testcase> <!-- sideBarSubMenuForFullyQualifiedURL -->
  <testcase classname="com.ots.test.ui.OtsEnhancement" name="refreshesTheApplicationForFullyQualifiedURL" time="0.0">
    <skipped/>
  </testcase> <!-- refreshesTheApplicationForFullyQualifiedURL -->
  <testcase classname="com.ots.test.ui.OtsEnhancement" name="logoutForFullyQualifiedURL" time="0.0">
    <skipped/>
  </testcase> <!-- logoutForFullyQualifiedURL -->
  <testcase classname="com.ots.test.ui.OtsEnhancement" name="wrongURLendPointFOrMainMenuEndPoint" time="0.0">
    <skipped/>
  </testcase> <!-- wrongURLendPointFOrMainMenuEndPoint -->
  <testcase classname="com.ots.test.ui.OtsEnhancement" name="wrongURLendPointFOrSubMenuEndPoint" time="0.0">
    <skipped/>
  </testcase> <!-- wrongURLendPointFOrSubMenuEndPoint -->
  <testcase classname="com.ots.test.ui.OtsEnhancement" name="wmsSubComponentcaseSensitiveTest" time="0.0">
    <skipped/>
  </testcase> <!-- wmsSubComponentcaseSensitiveTest -->
  <testcase classname="com.ots.test.api.OTSApiTest" name="authenticate" time="2.781">
    <failure type="javax.net.ssl.SSLException" message="Certificate for &amp;lt;preprod-authservice-e.myrunway.fashion&amp;gt; doesn&amp;apos;t match any of the subject alternative names: [*.azurewebsites.net, *.scm.azurewebsites.net, *.azure-mobile.net, *.scm.azure-mobile.net, *.sso.azurewebsites.net]">
      <![CDATA[javax.net.ssl.SSLException: Certificate for <preprod-authservice-e.myrunway.fashion> doesn't match any of the subject alternative names: [*.azurewebsites.net, *.scm.azurewebsites.net, *.azure-mobile.net, *.scm.azure-mobile.net, *.sso.azurewebsites.net]
at org.apache.http.conn.ssl.AbstractVerifier.verify(AbstractVerifier.java:177)
at org.apache.http.conn.ssl.BrowserCompatHostnameVerifier.verify(BrowserCompatHostnameVerifier.java:62)
at org.apache.http.conn.ssl.AbstractVerifier.verify(AbstractVerifier.java:153)
at org.apache.http.conn.ssl.AbstractVerifier.verify(AbstractVerifier.java:115)
at org.apache.http.conn.ssl.SSLSocketFactory.verifyHostname(SSLSocketFactory.java:577)
at org.apache.http.conn.ssl.SSLSocketFactory.createLayeredSocket(SSLSocketFactory.java:571)
at org.apache.http.conn.ssl.SSLSocketFactory.connectSocket(SSLSocketFactory.java:554)
at org.apache.http.conn.ssl.SSLSocketFactory.connectSocket(SSLSocketFactory.java:415)
at org.apache.http.impl.conn.DefaultClientConnectionOperator.openConnection(DefaultClientConnectionOperator.java:180)
at org.apache.http.impl.conn.ManagedClientConnectionImpl.open(ManagedClientConnectionImpl.java:326)
at org.apache.http.impl.client.DefaultRequestDirector.tryConnect(DefaultRequestDirector.java:605)
at org.apache.http.impl.client.DefaultRequestDirector.execute(DefaultRequestDirector.java:440)
at org.apache.http.impl.client.AbstractHttpClient.doExecute(AbstractHttpClient.java:835)
at org.apache.http.impl.client.CloseableHttpClient.execute(CloseableHttpClient.java:83)
at org.apache.http.impl.client.CloseableHttpClient.execute(CloseableHttpClient.java:56)
at org.apache.http.client.HttpClient$execute$0.call(Unknown Source)
at org.codehaus.groovy.runtime.callsite.CallSiteArray.defaultCall(CallSiteArray.java:47)
at org.codehaus.groovy.runtime.callsite.AbstractCallSite.call(AbstractCallSite.java:116)
at org.codehaus.groovy.runtime.callsite.AbstractCallSite.call(AbstractCallSite.java:136)
at io.restassured.internal.RequestSpecificationImpl$RestAssuredHttpBuilder.doRequest(RequestSpecificationImpl.groovy:2141)
at io.restassured.internal.http.HTTPBuilder.post(HTTPBuilder.java:349)
at io.restassured.internal.http.HTTPBuilder$post$2.call(Unknown Source)
at org.codehaus.groovy.runtime.callsite.CallSiteArray.defaultCall(CallSiteArray.java:47)
at org.codehaus.groovy.runtime.callsite.AbstractCallSite.call(AbstractCallSite.java:116)
at org.codehaus.groovy.runtime.callsite.AbstractCallSite.call(AbstractCallSite.java:136)
at io.restassured.internal.RequestSpecificationImpl.sendRequest(RequestSpecificationImpl.groovy:1274)
at groovy.lang.MetaMethod.doMethodInvoke(MetaMethod.java:325)
at groovy.lang.MetaClassImpl.invokeMethod(MetaClassImpl.java:1225)
at groovy.lang.MetaClassImpl.invokeMethod(MetaClassImpl.java:1034)
at groovy.lang.MetaClassImpl.invokeMethod(MetaClassImpl.java:822)
at io.restassured.internal.RequestSpecificationImpl.invokeMethod(RequestSpecificationImpl.groovy)
at org.codehaus.groovy.runtime.callsite.PogoInterceptableSite.call(PogoInterceptableSite.java:47)
at org.codehaus.groovy.runtime.callsite.CallSiteArray.defaultCall(CallSiteArray.java:47)
at org.codehaus.groovy.runtime.callsite.AbstractCallSite.call(AbstractCallSite.java:116)
at org.codehaus.groovy.runtime.callsite.AbstractCallSite.call(AbstractCallSite.java:152)
at io.restassured.internal.filter.SendRequestFilter.filter(SendRequestFilter.groovy:30)
at io.restassured.filter.Filter$filter$0.call(Unknown Source)
at org.codehaus.groovy.runtime.callsite.CallSiteArray.defaultCall(CallSiteArray.java:47)
at io.restassured.filter.Filter$filter.call(Unknown Source)
at io.restassured.internal.filter.FilterContextImpl.next(FilterContextImpl.groovy:72)
at io.restassured.filter.time.TimingFilter.filter(TimingFilter.java:56)
at io.restassured.filter.Filter$filter.call(Unknown Source)
at org.codehaus.groovy.runtime.callsite.CallSiteArray.defaultCall(CallSiteArray.java:47)
at io.restassured.filter.Filter$filter.call(Unknown Source)
at io.restassured.internal.filter.FilterContextImpl.next(FilterContextImpl.groovy:72)
at io.restassured.filter.log.RequestLoggingFilter.filter(RequestLoggingFilter.java:122)
at io.restassured.filter.Filter$filter.call(Unknown Source)
at org.codehaus.groovy.runtime.callsite.CallSiteArray.defaultCall(CallSiteArray.java:47)
at org.codehaus.groovy.runtime.callsite.AbstractCallSite.call(AbstractCallSite.java:116)
at org.codehaus.groovy.runtime.callsite.AbstractCallSite.call(AbstractCallSite.java:144)
at io.restassured.internal.filter.FilterContextImpl.next(FilterContextImpl.groovy:72)
at io.restassured.filter.FilterContext$next.call(Unknown Source)
at org.codehaus.groovy.runtime.callsite.CallSiteArray.defaultCall(CallSiteArray.java:47)
at org.codehaus.groovy.runtime.callsite.AbstractCallSite.call(AbstractCallSite.java:116)
at org.codehaus.groovy.runtime.callsite.AbstractCallSite.call(AbstractCallSite.java:136)
at io.restassured.internal.RequestSpecificationImpl.applyPathParamsAndSendRequest(RequestSpecificationImpl.groovy:1744)
at groovy.lang.MetaMethod.doMethodInvoke(MetaMethod.java:325)
at groovy.lang.MetaClassImpl.invokeMethod(MetaClassImpl.java:1225)
at groovy.lang.MetaClassImpl.invokeMethod(MetaClassImpl.java:1034)
at groovy.lang.MetaClassImpl.invokeMethod(MetaClassImpl.java:822)
at io.restassured.internal.RequestSpecificationImpl.invokeMethod(RequestSpecificationImpl.groovy)
at org.codehaus.groovy.runtime.callsite.PogoInterceptableSite.call(PogoInterceptableSite.java:47)
at org.codehaus.groovy.runtime.callsite.PogoInterceptableSite.callCurrent(PogoInterceptableSite.java:57)
at org.codehaus.groovy.runtime.callsite.CallSiteArray.defaultCallCurrent(CallSiteArray.java:51)
at org.codehaus.groovy.runtime.callsite.AbstractCallSite.callCurrent(AbstractCallSite.java:157)
at org.codehaus.groovy.runtime.callsite.AbstractCallSite.callCurrent(AbstractCallSite.java:185)
at io.restassured.internal.RequestSpecificationImpl.applyPathParamsAndSendRequest(RequestSpecificationImpl.groovy:1750)
at groovy.lang.MetaMethod.doMethodInvoke(MetaMethod.java:325)
at groovy.lang.MetaClassImpl.invokeMethod(MetaClassImpl.java:1225)
at groovy.lang.MetaClassImpl.invokeMethod(MetaClassImpl.java:1034)
at groovy.lang.MetaClassImpl.invokeMethod(MetaClassImpl.java:822)
at io.restassured.internal.RequestSpecificationImpl.invokeMethod(RequestSpecificationImpl.groovy)
at org.codehaus.groovy.runtime.callsite.PogoInterceptableSite.call(PogoInterceptableSite.java:47)
at org.codehaus.groovy.runtime.callsite.PogoInterceptableSite.callCurrent(PogoInterceptableSite.java:57)
at org.codehaus.groovy.runtime.callsite.CallSiteArray.defaultCallCurrent(CallSiteArray.java:51)
at org.codehaus.groovy.runtime.callsite.AbstractCallSite.callCurrent(AbstractCallSite.java:157)
at org.codehaus.groovy.runtime.callsite.AbstractCallSite.callCurrent(AbstractCallSite.java:185)
at io.restassured.internal.RequestSpecificationImpl.post(RequestSpecificationImpl.groovy:175)
at io.restassured.internal.RequestSpecificationImpl.post(RequestSpecificationImpl.groovy)
at com.ots.test.ui.common.utils.APITestHelper.doLogin(APITestHelper.java:58)
at com.ots.test.ui.common.utils.APITestHelper.doLogin(APITestHelper.java:72)
at com.ots.test.api.OTSApiTest.authenticate(OTSApiTest.java:95)
at java.base/java.util.concurrent.ThreadPoolExecutor.runWorker(ThreadPoolExecutor.java:1136)
at java.base/java.util.concurrent.ThreadPoolExecutor$Worker.run(ThreadPoolExecutor.java:635)
at java.base/java.lang.Thread.run(Thread.java:833)
... Removed 27 stack frames]]>
    </failure>
  </testcase> <!-- authenticate -->
  <testcase classname="com.ots.test.api.OTSApiTest" name="securityCodeAndZone" time="1.313">
    <failure type="javax.net.ssl.SSLException" message="Certificate for &amp;lt;preprod-authservice-e.myrunway.fashion&amp;gt; doesn&amp;apos;t match any of the subject alternative names: [*.azurewebsites.net, *.scm.azurewebsites.net, *.azure-mobile.net, *.scm.azure-mobile.net, *.sso.azurewebsites.net]">
      <![CDATA[javax.net.ssl.SSLException: Certificate for <preprod-authservice-e.myrunway.fashion> doesn't match any of the subject alternative names: [*.azurewebsites.net, *.scm.azurewebsites.net, *.azure-mobile.net, *.scm.azure-mobile.net, *.sso.azurewebsites.net]
at org.apache.http.conn.ssl.AbstractVerifier.verify(AbstractVerifier.java:177)
at org.apache.http.conn.ssl.BrowserCompatHostnameVerifier.verify(BrowserCompatHostnameVerifier.java:62)
at org.apache.http.conn.ssl.AbstractVerifier.verify(AbstractVerifier.java:153)
at org.apache.http.conn.ssl.AbstractVerifier.verify(AbstractVerifier.java:115)
at org.apache.http.conn.ssl.SSLSocketFactory.verifyHostname(SSLSocketFactory.java:577)
at org.apache.http.conn.ssl.SSLSocketFactory.createLayeredSocket(SSLSocketFactory.java:571)
at org.apache.http.conn.ssl.SSLSocketFactory.connectSocket(SSLSocketFactory.java:554)
at org.apache.http.conn.ssl.SSLSocketFactory.connectSocket(SSLSocketFactory.java:415)
at org.apache.http.impl.conn.DefaultClientConnectionOperator.openConnection(DefaultClientConnectionOperator.java:180)
at org.apache.http.impl.conn.ManagedClientConnectionImpl.open(ManagedClientConnectionImpl.java:326)
at org.apache.http.impl.client.DefaultRequestDirector.tryConnect(DefaultRequestDirector.java:605)
at org.apache.http.impl.client.DefaultRequestDirector.execute(DefaultRequestDirector.java:440)
at org.apache.http.impl.client.AbstractHttpClient.doExecute(AbstractHttpClient.java:835)
at org.apache.http.impl.client.CloseableHttpClient.execute(CloseableHttpClient.java:83)
at org.apache.http.impl.client.CloseableHttpClient.execute(CloseableHttpClient.java:56)
at org.apache.http.client.HttpClient$execute$0.call(Unknown Source)
at io.restassured.internal.RequestSpecificationImpl$RestAssuredHttpBuilder.doRequest(RequestSpecificationImpl.groovy:2141)
at io.restassured.internal.http.HTTPBuilder.post(HTTPBuilder.java:349)
at io.restassured.internal.http.HTTPBuilder$post$2.call(Unknown Source)
at io.restassured.internal.RequestSpecificationImpl.sendRequest(RequestSpecificationImpl.groovy:1274)
at groovy.lang.MetaMethod.doMethodInvoke(MetaMethod.java:325)
at groovy.lang.MetaClassImpl.invokeMethod(MetaClassImpl.java:1225)
at groovy.lang.MetaClassImpl.invokeMethod(MetaClassImpl.java:1034)
at groovy.lang.MetaClassImpl.invokeMethod(MetaClassImpl.java:822)
at io.restassured.internal.RequestSpecificationImpl.invokeMethod(RequestSpecificationImpl.groovy)
at org.codehaus.groovy.runtime.callsite.PogoInterceptableSite.call(PogoInterceptableSite.java:47)
at org.codehaus.groovy.runtime.callsite.AbstractCallSite.call(AbstractCallSite.java:152)
at io.restassured.internal.filter.SendRequestFilter.filter(SendRequestFilter.groovy:30)
at io.restassured.filter.Filter$filter$0.call(Unknown Source)
at org.codehaus.groovy.runtime.callsite.CallSiteArray.defaultCall(CallSiteArray.java:47)
at io.restassured.filter.Filter$filter.call(Unknown Source)
at io.restassured.internal.filter.FilterContextImpl.next(FilterContextImpl.groovy:72)
at io.restassured.filter.time.TimingFilter.filter(TimingFilter.java:56)
at io.restassured.filter.Filter$filter.call(Unknown Source)
at org.codehaus.groovy.runtime.callsite.CallSiteArray.defaultCall(CallSiteArray.java:47)
at io.restassured.filter.Filter$filter.call(Unknown Source)
at io.restassured.internal.filter.FilterContextImpl.next(FilterContextImpl.groovy:72)
at io.restassured.filter.log.RequestLoggingFilter.filter(RequestLoggingFilter.java:122)
at io.restassured.filter.Filter$filter.call(Unknown Source)
at org.codehaus.groovy.runtime.callsite.CallSiteArray.defaultCall(CallSiteArray.java:47)
at io.restassured.filter.Filter$filter$0.call(Unknown Source)
at io.restassured.internal.filter.FilterContextImpl.next(FilterContextImpl.groovy:72)
at io.restassured.filter.FilterContext$next.call(Unknown Source)
at io.restassured.internal.RequestSpecificationImpl.applyPathParamsAndSendRequest(RequestSpecificationImpl.groovy:1744)
at groovy.lang.MetaMethod.doMethodInvoke(MetaMethod.java:325)
at groovy.lang.MetaClassImpl.invokeMethod(MetaClassImpl.java:1225)
at groovy.lang.MetaClassImpl.invokeMethod(MetaClassImpl.java:1034)
at groovy.lang.MetaClassImpl.invokeMethod(MetaClassImpl.java:822)
at io.restassured.internal.RequestSpecificationImpl.invokeMethod(RequestSpecificationImpl.groovy)
at org.codehaus.groovy.runtime.callsite.PogoInterceptableSite.call(PogoInterceptableSite.java:47)
at org.codehaus.groovy.runtime.callsite.PogoInterceptableSite.callCurrent(PogoInterceptableSite.java:57)
at org.codehaus.groovy.runtime.callsite.AbstractCallSite.callCurrent(AbstractCallSite.java:185)
at io.restassured.internal.RequestSpecificationImpl.applyPathParamsAndSendRequest(RequestSpecificationImpl.groovy:1750)
at groovy.lang.MetaMethod.doMethodInvoke(MetaMethod.java:325)
at groovy.lang.MetaClassImpl.invokeMethod(MetaClassImpl.java:1225)
at groovy.lang.MetaClassImpl.invokeMethod(MetaClassImpl.java:1034)
at groovy.lang.MetaClassImpl.invokeMethod(MetaClassImpl.java:822)
at io.restassured.internal.RequestSpecificationImpl.invokeMethod(RequestSpecificationImpl.groovy)
at org.codehaus.groovy.runtime.callsite.PogoInterceptableSite.call(PogoInterceptableSite.java:47)
at org.codehaus.groovy.runtime.callsite.PogoInterceptableSite.callCurrent(PogoInterceptableSite.java:57)
at org.codehaus.groovy.runtime.callsite.AbstractCallSite.callCurrent(AbstractCallSite.java:185)
at io.restassured.internal.RequestSpecificationImpl.post(RequestSpecificationImpl.groovy:175)
at io.restassured.internal.RequestSpecificationImpl.post(RequestSpecificationImpl.groovy)
at com.ots.test.ui.common.utils.APITestHelper.doLogin(APITestHelper.java:58)
at com.ots.test.ui.common.utils.APITestHelper.doLogin(APITestHelper.java:72)
at com.ots.test.api.OTSApiTest.securityCodeAndZone(OTSApiTest.java:112)
at java.base/java.util.concurrent.ThreadPoolExecutor.runWorker(ThreadPoolExecutor.java:1136)
at java.base/java.util.concurrent.ThreadPoolExecutor$Worker.run(ThreadPoolExecutor.java:635)
at java.base/java.lang.Thread.run(Thread.java:833)
... Removed 27 stack frames]]>
    </failure>
  </testcase> <!-- securityCodeAndZone -->
  <testcase classname="com.ots.test.api.OTSApiTest" name="login" time="0.0">
    <skipped/>
  </testcase> <!-- login -->
  <testcase classname="com.ots.test.ui.OTSByDateTest" name="NavigateToReports" time="9.366"/>
  <testcase classname="com.ots.test.ui.NegativeOTSByDateTest" name="login" time="12.789"/>
  <testcase classname="com.ots.test.ui.DashboardTest" name="login" time="14.979"/>
  <testcase classname="com.ots.test.ui.LoginTest" name="loginComponentsWithScanIsTrue" time="15.826"/>
  <testcase classname="com.ots.test.ui.OTSByDateTest" name="navigateToOTSbyDate" time="10.136"/>
  <testcase classname="com.ots.test.ui.LoginTest" name="loginComponentsWithScanIdIsFalse" time="5.298"/>
  <testcase classname="com.ots.test.ui.LoginTest" name="loginWithEmptyDetails" time="10.109"/>
  <testcase classname="com.ots.test.ui.DashboardTest" name="headerToggleIconTestbeforeClick" time="18.956"/>
  <testcase classname="com.ots.test.ui.OTSByDateTest" name="sidebarMenuOptionAndLogoTest" time="15.368"/>
  <testcase classname="com.ots.test.ui.DashboardTest" name="themeIconTestbeforeClick" time="6.2"/>
  <testcase classname="com.ots.test.ui.NegativeOTSByDateTest" name="otsDateTestCheckEmptyDate" time="33.414"/>
  <testcase classname="com.ots.test.ui.LoginTest" name="loginEmptyUserNameAndValidPassword" time="15.012"/>
  <testcase classname="com.ots.test.ui.OTSByDateTest" name="NavigationToReports" time="12.982"/>
  <testcase classname="com.ots.test.ui.NegativeOTSByDateTest" name="runReportWithEmptyDate" time="4.107"/>
  <testcase classname="com.ots.test.ui.DashboardTest" name="bellIconTestBeforeClick" time="9.32"/>
  <testcase classname="com.ots.test.ui.DashboardTest" name="profileName" time="3.108"/>
  <testcase classname="com.ots.test.ui.NegativeOTSByDateTest" name="otsDatePastDateTest" time="6.222">
    <failure type="org.openqa.selenium.ElementNotInteractableException" message="element not interactable
  (Session info: chrome=107.0.5304.88)
Build info: version: &amp;apos;3.141.59&amp;apos;, revision: &amp;apos;e82be7d358&amp;apos;, time: &amp;apos;2018-11-14T08:17:03&amp;apos;
System info: host: &amp;apos;NEXGEN84&amp;apos;, ip: &amp;apos;192.168.1.167&amp;apos;, os.name: &amp;apos;Windows 11&amp;apos;, os.arch: &amp;apos;amd64&amp;apos;, os.version: &amp;apos;10.0&amp;apos;, java.version: &amp;apos;17.0.4.1&amp;apos;
Driver info: org.openqa.selenium.chrome.ChromeDriver
Capabilities {acceptInsecureCerts: false, browserName: chrome, browserVersion: 107.0.5304.88, chrome: {chromedriverVersion: 107.0.5304.62 (1eec40d3a576..., userDataDir: C:\Users\AKHILK~1\AppData\L...}, goog:chromeOptions: {debuggerAddress: localhost:62064}, javascriptEnabled: true, networkConnectionEnabled: false, pageLoadStrategy: normal, platform: WINDOWS, platformName: WINDOWS, proxy: Proxy(), setWindowRect: true, strictFileInteractability: false, timeouts: {implicit: 0, pageLoad: 300000, script: 30000}, unhandledPromptBehavior: dismiss and notify, webauthn:extension:credBlob: true, webauthn:extension:largeBlob: true, webauthn:virtualAuthenticators: true}
Session ID: 9ac79bef367753a32de6d9e17700a7f4">
      <![CDATA[org.openqa.selenium.ElementNotInteractableException: element not interactable
  (Session info: chrome=107.0.5304.88)
Build info: version: '3.141.59', revision: 'e82be7d358', time: '2018-11-14T08:17:03'
System info: host: 'NEXGEN84', ip: '192.168.1.167', os.name: 'Windows 11', os.arch: 'amd64', os.version: '10.0', java.version: '17.0.4.1'
Driver info: org.openqa.selenium.chrome.ChromeDriver
Capabilities {acceptInsecureCerts: false, browserName: chrome, browserVersion: 107.0.5304.88, chrome: {chromedriverVersion: 107.0.5304.62 (1eec40d3a576..., userDataDir: C:\Users\AKHILK~1\AppData\L...}, goog:chromeOptions: {debuggerAddress: localhost:62064}, javascriptEnabled: true, networkConnectionEnabled: false, pageLoadStrategy: normal, platform: WINDOWS, platformName: WINDOWS, proxy: Proxy(), setWindowRect: true, strictFileInteractability: false, timeouts: {implicit: 0, pageLoad: 300000, script: 30000}, unhandledPromptBehavior: dismiss and notify, webauthn:extension:credBlob: true, webauthn:extension:largeBlob: true, webauthn:virtualAuthenticators: true}
Session ID: 9ac79bef367753a32de6d9e17700a7f4
at org.openqa.selenium.remote.http.W3CHttpResponseCodec.createException(W3CHttpResponseCodec.java:187)
at org.openqa.selenium.remote.http.W3CHttpResponseCodec.decode(W3CHttpResponseCodec.java:122)
at org.openqa.selenium.remote.http.W3CHttpResponseCodec.decode(W3CHttpResponseCodec.java:49)
at org.openqa.selenium.remote.HttpCommandExecutor.execute(HttpCommandExecutor.java:158)
at org.openqa.selenium.remote.service.DriverCommandExecutor.execute(DriverCommandExecutor.java:83)
at org.openqa.selenium.remote.RemoteWebDriver.execute(RemoteWebDriver.java:552)
at org.openqa.selenium.remote.RemoteWebElement.execute(RemoteWebElement.java:285)
at org.openqa.selenium.remote.RemoteWebElement.sendKeys(RemoteWebElement.java:106)
at com.ots.test.ui.NegativeOTSByDateTest.otsDatePastDateTest(NegativeOTSByDateTest.java:204)
at java.base/java.util.concurrent.ThreadPoolExecutor.runWorker(ThreadPoolExecutor.java:1136)
at java.base/java.util.concurrent.ThreadPoolExecutor$Worker.run(ThreadPoolExecutor.java:635)
at java.base/java.lang.Thread.run(Thread.java:833)
... Removed 17 stack frames]]>
    </failure>
  </testcase> <!-- otsDatePastDateTest -->
  <testcase classname="com.ots.test.ui.OTSByDateTest" name="headerNameAndClientIdOTSbyDate" time="9.299"/>
  <testcase classname="com.ots.test.ui.NegativeOTSByDateTest" name="addedDateFieldTest" time="3.084">
    <failure type="java.lang.IndexOutOfBoundsException" message="Index 1 out of bounds for length 1">
      <![CDATA[java.lang.IndexOutOfBoundsException: Index 1 out of bounds for length 1
at java.base/jdk.internal.util.Preconditions.outOfBounds(Preconditions.java:64)
at java.base/jdk.internal.util.Preconditions.outOfBoundsCheckIndex(Preconditions.java:70)
at java.base/jdk.internal.util.Preconditions.checkIndex(Preconditions.java:266)
at java.base/java.util.Objects.checkIndex(Objects.java:359)
at java.base/java.util.ArrayList.get(ArrayList.java:427)
at com.ots.test.ui.NegativeOTSByDateTest.addedDateFieldTest(NegativeOTSByDateTest.java:308)
at java.base/java.util.concurrent.ThreadPoolExecutor.runWorker(ThreadPoolExecutor.java:1136)
at java.base/java.util.concurrent.ThreadPoolExecutor$Worker.run(ThreadPoolExecutor.java:635)
at java.base/java.lang.Thread.run(Thread.java:833)
... Removed 12 stack frames]]>
    </failure>
  </testcase> <!-- addedDateFieldTest -->
  <testcase classname="com.ots.test.ui.LoginTest" name="loginWithValidUserNameAndEmptyPassword" time="13.689"/>
  <testcase classname="com.ots.test.ui.DashboardTest" name="profileIconTestBeforeClick" time="9.22"/>
  <testcase classname="com.ots.test.ui.OTSByDateTest" name="sidebarMinimizer" time="6.246"/>
  <testcase classname="com.ots.test.ui.OTSByDateTest" name="sidebarMinimizerTest" time="6.147"/>
  <testcase classname="com.ots.test.ui.DashboardTest" name="landingWelcomePage" time="10.97"/>
  <testcase classname="com.ots.test.ui.LoginTest" name="loginWithValidUserNameAndInvalidPassword" time="13.419"/>
  <testcase classname="com.ots.test.ui.OTSByDateTest" name="sidebarMinimizercssTest" time="6.198"/>
  <testcase classname="com.ots.test.ui.DashboardTest" name="headerToggleIconTestAfterClick" time="6.229"/>
  <testcase classname="com.ots.test.ui.DashboardTest" name="themeIconTestAfterClick" time="6.176"/>
  <testcase classname="com.ots.test.ui.LoginTest" name="inValidUserNameAndValidPassword" time="13.313"/>
  <testcase classname="com.ots.test.ui.OTSByDateTest" name="notificationHeaderTest" time="11.313"/>
  <testcase classname="com.ots.test.ui.NegativeOTSByDateTest" name="otsDateEmptyDateFieldAndErrorMessage" time="31.325">
    <failure type="org.openqa.selenium.TimeoutException" message="Expected condition failed: waiting for visibility of element located by By.xpath: //div[@class=&amp;apos;react-datepicker-wrapper&amp;apos;]//following-sibling::small (tried for 25 second(s) with 500 milliseconds interval)">
      <![CDATA[org.openqa.selenium.TimeoutException: Expected condition failed: waiting for visibility of element located by By.xpath: //div[@class='react-datepicker-wrapper']//following-sibling::small (tried for 25 second(s) with 500 milliseconds interval)
at org.openqa.selenium.support.ui.WebDriverWait.timeoutException(WebDriverWait.java:95)
at org.openqa.selenium.support.ui.FluentWait.until(FluentWait.java:272)
at com.ots.test.ui.common.utils.UITestSeleniumHelper.waitForElementToBeLoaded(UITestSeleniumHelper.java:451)
at com.ots.test.ui.common.utils.UITestSeleniumHelper.findElementByXPath(UITestSeleniumHelper.java:314)
at com.ots.test.ui.NegativeOTSByDateTest.otsDateEmptyDateFieldAndErrorMessage(NegativeOTSByDateTest.java:162)
at java.base/java.util.concurrent.ThreadPoolExecutor.runWorker(ThreadPoolExecutor.java:1136)
at java.base/java.util.concurrent.ThreadPoolExecutor$Worker.run(ThreadPoolExecutor.java:635)
at java.base/java.lang.Thread.run(Thread.java:833)
Caused by: org.openqa.selenium.NoSuchElementException: no such element: Unable to locate element: {"method":"xpath","selector":"//div[@class='react-datepicker-wrapper']//following-sibling::small"}
  (Session info: chrome=107.0.5304.88)
For documentation on this error, please visit: https://www.seleniumhq.org/exceptions/no_such_element.html
Build info: version: '3.141.59', revision: 'e82be7d358', time: '2018-11-14T08:17:03'
System info: host: 'NEXGEN84', ip: '192.168.1.167', os.name: 'Windows 11', os.arch: 'amd64', os.version: '10.0', java.version: '17.0.4.1'
Driver info: org.openqa.selenium.chrome.ChromeDriver
Capabilities {acceptInsecureCerts: false, browserName: chrome, browserVersion: 107.0.5304.88, chrome: {chromedriverVersion: 107.0.5304.62 (1eec40d3a576..., userDataDir: C:\Users\AKHILK~1\AppData\L...}, goog:chromeOptions: {debuggerAddress: localhost:62064}, javascriptEnabled: true, networkConnectionEnabled: false, pageLoadStrategy: normal, platform: WINDOWS, platformName: WINDOWS, proxy: Proxy(), setWindowRect: true, strictFileInteractability: false, timeouts: {implicit: 0, pageLoad: 300000, script: 30000}, unhandledPromptBehavior: dismiss and notify, webauthn:extension:credBlob: true, webauthn:extension:largeBlob: true, webauthn:virtualAuthenticators: true}
Session ID: 9ac79bef367753a32de6d9e17700a7f4
*** Element info: {Using=xpath, value=//div[@class='react-datepicker-wrapper']//following-sibling::small}
at org.openqa.selenium.remote.http.W3CHttpResponseCodec.createException(W3CHttpResponseCodec.java:187)
at org.openqa.selenium.remote.http.W3CHttpResponseCodec.decode(W3CHttpResponseCodec.java:122)
at org.openqa.selenium.remote.http.W3CHttpResponseCodec.decode(W3CHttpResponseCodec.java:49)
at org.openqa.selenium.remote.HttpCommandExecutor.execute(HttpCommandExecutor.java:158)
at org.openqa.selenium.remote.service.DriverCommandExecutor.execute(DriverCommandExecutor.java:83)
at org.openqa.selenium.remote.RemoteWebDriver.execute(RemoteWebDriver.java:552)
at org.openqa.selenium.remote.RemoteWebDriver.findElement(RemoteWebDriver.java:323)
at org.openqa.selenium.remote.RemoteWebDriver.findElementByXPath(RemoteWebDriver.java:428)
at org.openqa.selenium.By$ByXPath.findElement(By.java:353)
at org.openqa.selenium.remote.RemoteWebDriver.findElement(RemoteWebDriver.java:315)
at org.openqa.selenium.support.ui.ExpectedConditions$7.apply(ExpectedConditions.java:205)
at org.openqa.selenium.support.ui.ExpectedConditions$7.apply(ExpectedConditions.java:201)
at org.openqa.selenium.support.ui.FluentWait.until(FluentWait.java:249)
... 18 more
... Removed 16 stack frames]]>
    </failure>
  </testcase> <!-- otsDateEmptyDateFieldAndErrorMessage -->
  <testcase classname="com.ots.test.ui.NegativeOTSByDateTest" name="otsDatePastDateErrorText" time="0.0">
    <skipped/>
  </testcase> <!-- otsDatePastDateErrorText -->
  <testcase classname="com.ots.test.ui.NegativeOTSByDateTest" name="otsDatefutureDate" time="0.0">
    <skipped/>
  </testcase> <!-- otsDatefutureDate -->
  <testcase classname="com.ots.test.ui.NegativeOTSByDateTest" name="otsDatePresentDate" time="0.0">
    <skipped/>
  </testcase> <!-- otsDatePresentDate -->
  <testcase classname="com.ots.test.ui.NegativeOTSByDateTest" name="otsDateAddDateFieldFutureDayTest" time="0.0">
    <skipped/>
  </testcase> <!-- otsDateAddDateFieldFutureDayTest -->
  <testcase classname="com.ots.test.ui.NegativeOTSByDateTest" name="runReportWithSameDate" time="0.0">
    <skipped/>
  </testcase> <!-- runReportWithSameDate -->
  <testcase classname="com.ots.test.ui.NegativeOTSByDateTest" name="runReportWithPastDate" time="0.0">
    <skipped/>
  </testcase> <!-- runReportWithPastDate -->
  <testcase classname="com.ots.test.ui.NegativeOTSByDateTest" name="runReportWithPastDateField" time="0.0">
    <skipped/>
  </testcase> <!-- runReportWithPastDateField -->
  <testcase classname="com.ots.test.ui.NegativeOTSByDateTest" name="runReportDatePresentDate" time="0.0">
    <skipped/>
  </testcase> <!-- runReportDatePresentDate -->
  <testcase classname="com.ots.test.ui.NegativeOTSByDateTest" name="runReportDateNoOption" time="0.0">
    <skipped/>
  </testcase> <!-- runReportDateNoOption -->
  <testcase classname="com.ots.test.ui.OTSByDateTest" name="jobQueuedTest" time="3.076"/>
  <testcase classname="com.ots.test.ui.OTSByDateTest" name="downLoadReportNotification" time="3.072"/>
  <testcase classname="com.ots.test.ui.OTSByDateTest" name="jobCompletedTest" time="6.088"/>
  <testcase classname="com.ots.test.ui.LoginTest" name="invalidUserNameAndPassword" time="13.33"/>
  <testcase classname="com.ots.test.ui.OTSByDateTest" name="runReportEnableTest" time="9.227"/>
  <testcase classname="com.ots.test.ui.LoginTest" name="invalidUserNameAndEmptyPassword" time="13.218"/>
  <testcase classname="com.ots.test.ui.DashboardTest" name="bellIconAfterClick" time="28.182">
    <failure type="org.openqa.selenium.TimeoutException" message="Expected condition failed: waiting for visibility of element located by By.xpath: //div[contains(@class ,&amp;apos;dropdown-header&amp;apos;)]//child::strong (tried for 25 second(s) with 500 milliseconds interval)
Build info: version: &amp;apos;3.141.59&amp;apos;, revision: &amp;apos;e82be7d358&amp;apos;, time: &amp;apos;2018-11-14T08:17:03&amp;apos;
System info: host: &amp;apos;NEXGEN84&amp;apos;, ip: &amp;apos;192.168.1.167&amp;apos;, os.name: &amp;apos;Windows 11&amp;apos;, os.arch: &amp;apos;amd64&amp;apos;, os.version: &amp;apos;10.0&amp;apos;, java.version: &amp;apos;17.0.4.1&amp;apos;
Driver info: org.openqa.selenium.chrome.ChromeDriver
Capabilities {acceptInsecureCerts: false, browserName: chrome, browserVersion: 107.0.5304.88, chrome: {chromedriverVersion: 107.0.5304.62 (1eec40d3a576..., userDataDir: C:\Users\AKHILK~1\AppData\L...}, goog:chromeOptions: {debuggerAddress: localhost:62080}, javascriptEnabled: true, networkConnectionEnabled: false, pageLoadStrategy: normal, platform: WINDOWS, platformName: WINDOWS, proxy: Proxy(), setWindowRect: true, strictFileInteractability: false, timeouts: {implicit: 0, pageLoad: 300000, script: 30000}, unhandledPromptBehavior: dismiss and notify, webauthn:extension:credBlob: true, webauthn:extension:largeBlob: true, webauthn:virtualAuthenticators: true}
Session ID: e6685b9b00247bfb6cb69fd402150937">
      <![CDATA[org.openqa.selenium.TimeoutException: Expected condition failed: waiting for visibility of element located by By.xpath: //div[contains(@class ,'dropdown-header')]//child::strong (tried for 25 second(s) with 500 milliseconds interval)
Build info: version: '3.141.59', revision: 'e82be7d358', time: '2018-11-14T08:17:03'
System info: host: 'NEXGEN84', ip: '192.168.1.167', os.name: 'Windows 11', os.arch: 'amd64', os.version: '10.0', java.version: '17.0.4.1'
Driver info: org.openqa.selenium.chrome.ChromeDriver
Capabilities {acceptInsecureCerts: false, browserName: chrome, browserVersion: 107.0.5304.88, chrome: {chromedriverVersion: 107.0.5304.62 (1eec40d3a576..., userDataDir: C:\Users\AKHILK~1\AppData\L...}, goog:chromeOptions: {debuggerAddress: localhost:62080}, javascriptEnabled: true, networkConnectionEnabled: false, pageLoadStrategy: normal, platform: WINDOWS, platformName: WINDOWS, proxy: Proxy(), setWindowRect: true, strictFileInteractability: false, timeouts: {implicit: 0, pageLoad: 300000, script: 30000}, unhandledPromptBehavior: dismiss and notify, webauthn:extension:credBlob: true, webauthn:extension:largeBlob: true, webauthn:virtualAuthenticators: true}
Session ID: e6685b9b00247bfb6cb69fd402150937
at org.openqa.selenium.support.ui.WebDriverWait.timeoutException(WebDriverWait.java:95)
at org.openqa.selenium.support.ui.FluentWait.until(FluentWait.java:272)
at com.ots.test.ui.common.utils.UITestSeleniumHelper.waitForElementToBeLoaded(UITestSeleniumHelper.java:451)
at com.ots.test.ui.DashboardTest.bellIconAfterClick(DashboardTest.java:288)
at java.base/java.util.concurrent.ThreadPoolExecutor.runWorker(ThreadPoolExecutor.java:1136)
at java.base/java.util.concurrent.ThreadPoolExecutor$Worker.run(ThreadPoolExecutor.java:635)
at java.base/java.lang.Thread.run(Thread.java:833)
... Removed 12 stack frames]]>
    </failure>
  </testcase> <!-- bellIconAfterClick -->
  <testcase classname="com.ots.test.ui.DashboardTest" name="profileIconTestAfterClick" time="3.056">
    <failure type="java.lang.AssertionError">
      <![CDATA[java.lang.AssertionError
at org.junit.Assert.fail(Assert.java:87)
at org.junit.Assert.assertTrue(Assert.java:42)
at org.junit.Assert.assertTrue(Assert.java:53)
at com.ots.test.ui.DashboardTest.profileIconTestAfterClick(DashboardTest.java:354)
at java.base/java.util.concurrent.ThreadPoolExecutor.runWorker(ThreadPoolExecutor.java:1136)
at java.base/java.util.concurrent.ThreadPoolExecutor$Worker.run(ThreadPoolExecutor.java:635)
at java.base/java.lang.Thread.run(Thread.java:833)
... Removed 12 stack frames]]>
    </failure>
  </testcase> <!-- profileIconTestAfterClick -->
  <testcase classname="com.ots.test.ui.DashboardTest" name="dashboardIconTest" time="6.17"/>
  <testcase classname="com.ots.test.ui.LoginTest" name="emptyUserNameAndInvalidPassword" time="9.908"/>
  <testcase classname="com.ots.test.ui.DashboardTest" name="sideBarLogoTest" time="6.155"/>
  <testcase classname="com.ots.test.ui.DashboardTest" name="bellIconAfterClickCSS" time="0.0">
    <skipped/>
  </testcase> <!-- bellIconAfterClickCSS -->
  <testcase classname="com.ots.test.ui.DashboardTest" name="NavigateToDashboard" time="0.0">
    <skipped/>
  </testcase> <!-- NavigateToDashboard -->
  <testcase classname="com.ots.test.ui.OTSByDateTest" name="otsCalculationLableNameTest" time="21.508"/>
  <testcase classname="com.ots.test.ui.DashboardTest" name="ClientNameTest" time="3.112"/>
  <testcase classname="com.ots.test.ui.DashboardTest" name="NavigateToReports" time="0.0">
    <skipped/>
  </testcase> <!-- NavigateToReports -->
  <testcase classname="com.ots.test.ui.DashboardTest" name="logOut" time="0.0">
    <skipped/>
  </testcase> <!-- logOut -->
  <testcase classname="com.ots.test.ui.LoginTest" name="invalidUserNameInScanId" time="10.146"/>
  <testcase classname="com.ots.test.ui.OTSByDateTest" name="OTSCalculationCheckBoxClickTest" time="12.436"/>
  <testcase classname="com.ots.test.ui.LoginTest" name="invalidpaswordInScanId" time="10.333"/>
  <testcase classname="com.ots.test.ui.OTSByDateTest" name="OTSCalculationCheckBoxUncheckTest" time="6.163"/>
  <testcase classname="com.ots.test.ui.LoginTest" name="withoutSemicolonScanIdValidation" time="10.336"/>
  <testcase classname="com.ots.test.ui.OTSByDateTest" name="OTSDateTestIncludeOTS" time="6.153"/>
  <testcase classname="com.ots.test.ui.OTSByDateTest" name="OTSDateTestIncludeOTSOptions" time="12.423"/>
  <testcase classname="com.ots.test.ui.LoginTest" name="validScanID" time="15.263"/>
  <testcase classname="com.ots.test.ui.OTSByDateTest" name="OTSDateTestDefaultOption" time="6.127"/>
  <testcase classname="com.ots.test.ui.OTSByDateTest" name="OTSDateTestYesOption" time="10.389"/>
  <testcase classname="com.ots.test.ui.OTSByDateTest" name="OTSDateTestYesOptionCSS" time="6.1"/>
  <testcase classname="com.ots.test.ui.OTSByDateTest" name="dateFieldAndADDIconTest" time="12.301"/>
  <testcase classname="com.ots.test.ui.OTSByDateTest" name="otsDateDatePickerTest" time="9.364"/>
  <testcase classname="com.ots.test.ui.OTSByDateTest" name="datePickerHeaderTest" time="6.167"/>
  <testcase classname="com.ots.test.ui.OTSByDateTest" name="datePickerDayNameTest" time="3.066"/>
  <testcase classname="com.ots.test.ui.OTSByDateTest" name="datePickePreviousrArrowIconClickTest" time="12.515"/>
  <testcase classname="com.ots.test.ui.OTSByDateTest" name="datePickerGrayedAndActiveDayTest" time="6.202"/>
  <testcase classname="com.ots.test.ui.OTSByDateTest" name="currentDateTest" time="18.627"/>
  <testcase classname="com.ots.test.ui.OTSByDateTest" name="datePickerSelectDateTest" time="16.563"/>
  <testcase classname="com.ots.test.ui.OTSByDateTest" name="datePickerHeaderdatefield2" time="6.238"/>
  <testcase classname="com.ots.test.ui.OTSByDateTest" name="datePickerSendDatefield2" time="6.372"/>
  <testcase classname="com.ots.test.ui.OTSByDateTest" name="OTSDateTestAddTest" time="12.223"/>
  <testcase classname="com.ots.test.ui.OTSByDateTest" name="OTSDateTestRemoveDatefield" time="9.244"/>
  <testcase classname="com.ots.test.ui.OTSByDateTest" name="afterRemovedDatefieldAddSymbol" time="6.09"/>
  <testcase classname="com.ots.test.ui.OTSByDateTest" name="afterRemovedSpecificDatefield" time="9.273"/>
  <testcase classname="com.ots.test.ui.OTSByDateTest" name="wareHouseTestAllWarehouseText" time="5.111"/>
  <testcase classname="com.ots.test.ui.OTSByDateTest" name="wareHouseDisplayStockTest" time="6.173"/>
  <testcase classname="com.ots.test.ui.OTSByDateTest" name="runReportDisplayStockTest" time="9.234"/>
  <testcase classname="com.ots.test.ui.OTSByDateTest" name="wareHouseTest" time="3.041"/>
  <testcase classname="com.ots.test.ui.OTSByDateTest" name="diplayStockCheckBoxClickingTest" time="12.259"/>
  <testcase classname="com.ots.test.ui.OTSByDateTest" name="tagAllAndUnTagTest" time="12.375"/>
  <testcase classname="com.ots.test.ui.OTSByDateTest" name="diplayStockTagAllTest" time="9.249"/>
  <testcase classname="com.ots.test.ui.OTSByDateTest" name="warehousesTest" time="3.06"/>
  <testcase classname="com.ots.test.ui.OTSByDateTest" name="otsBySizeText" time="5.082"/>
  <testcase classname="com.ots.test.ui.OTSByDateTest" name="otsBySizeTest" time="8.233"/>
  <testcase classname="com.ots.test.ui.OTSByDateTest" name="footerRightSideText" time="3.054"/>
  <testcase classname="com.ots.test.ui.OTSByDateTest" name="footerLeftSideText" time="6.233"/>
  <testcase classname="com.ots.test.ui.OTSByDateTest" name="runReportTest" time="3.053"/>
  <testcase classname="com.ots.test.ui.OTSByDateTest" name="logOut" time="14.457"/>
  <testcase classname="com.ots.test.api.OTSApiTest" name="getAccessTokenApi" time="0.0">
    <ignored/>
  </testcase> <!-- getAccessTokenApi -->
  <testcase classname="com.ots.test.ui.DashboardTest" name="transferByUpc" time="0.0">
    <ignored/>
  </testcase> <!-- transferByUpc -->
  <testcase classname="com.ots.test.ui.OtsEnhancement" name="otsByDateUrlTest" time="0.0">
    <ignored/>
  </testcase> <!-- otsByDateUrlTest -->
  <testcase classname="com.ots.test.ui.OTSByDateTest" name="fileTest" time="0.0">
    <ignored/>
  </testcase> <!-- fileTest -->
  <testcase classname="com.ots.test.api.OTSApiTest" name="getWarehouse" time="0.0">
    <ignored/>
  </testcase> <!-- getWarehouse -->
  <testcase classname="com.ots.test.ui.OtsEnhancement" name="reportsUrlPatternTest" time="0.0">
    <ignored/>
  </testcase> <!-- reportsUrlPatternTest -->
  <testcase classname="com.ots.test.ui.OtsEnhancement" name="caseInsensitiveEndPoints" time="0.0">
    <ignored/>
  </testcase> <!-- caseInsensitiveEndPoints -->
</testsuite> <!-- Test -->
